{"/home/travis/build/npmtest/node-npmtest-numbers/test.js":{"path":"/home/travis/build/npmtest/node-npmtest-numbers/test.js","s":{"1":2,"2":2,"3":2,"4":2,"5":2,"6":2,"7":2,"8":1,"9":2,"10":2,"11":1,"12":1,"13":1,"14":1,"15":2,"16":2,"17":2,"18":2,"19":1,"20":1,"21":2,"22":2,"23":2,"24":1,"25":1,"26":1,"27":1,"28":1,"29":1,"30":1,"31":1,"32":1,"33":1,"34":1,"35":1,"36":1,"37":1,"38":1,"39":2,"40":2,"41":1,"42":2,"43":2,"44":1,"45":2,"46":2,"47":1,"48":2,"49":2,"50":1,"51":1,"52":1,"53":1,"54":1},"b":{"1":[2,1,1,1],"2":[1,1,1,1],"3":[1,1],"4":[1,1],"5":[1,1],"6":[1,1],"7":[1,1],"8":[1,1],"9":[1,1],"10":[1,1,1],"11":[1,1],"12":[1,1],"13":[1,1],"14":[1,1],"15":[1,1],"16":[1,1],"17":[1,1]},"f":{"1":2,"2":2,"3":2,"4":2,"5":2,"6":1,"7":1,"8":1,"9":2,"10":2,"11":2,"12":2,"13":1},"fnMap":{"1":{"name":"(anonymous_1)","line":12,"loc":{"start":{"line":12,"column":1},"end":{"line":12,"column":13}}},"2":{"name":"(anonymous_2)","line":19,"loc":{"start":{"line":19,"column":5},"end":{"line":19,"column":17}}},"3":{"name":"(anonymous_3)","line":23,"loc":{"start":{"line":23,"column":24},"end":{"line":23,"column":36}}},"4":{"name":"(anonymous_4)","line":61,"loc":{"start":{"line":61,"column":5},"end":{"line":61,"column":17}}},"5":{"name":"(anonymous_5)","line":82,"loc":{"start":{"line":82,"column":5},"end":{"line":82,"column":17}}},"6":{"name":"(anonymous_6)","line":91,"loc":{"start":{"line":91,"column":77},"end":{"line":94,"column":10}}},"7":{"name":"(anonymous_7)","line":112,"loc":{"start":{"line":112,"column":83},"end":{"line":115,"column":10}},"skip":true},"8":{"name":"(anonymous_8)","line":123,"loc":{"start":{"line":123,"column":77},"end":{"line":126,"column":10}},"skip":true},"9":{"name":"(anonymous_9)","line":139,"loc":{"start":{"line":139,"column":12},"end":{"line":139,"column":40}},"skip":true},"10":{"name":"(anonymous_10)","line":147,"loc":{"start":{"line":147,"column":77},"end":{"line":150,"column":10}},"skip":true},"11":{"name":"(anonymous_11)","line":158,"loc":{"start":{"line":158,"column":83},"end":{"line":161,"column":10}},"skip":true},"12":{"name":"(anonymous_12)","line":169,"loc":{"start":{"line":169,"column":79},"end":{"line":172,"column":10}},"skip":true},"13":{"name":"(anonymous_13)","line":180,"loc":{"start":{"line":180,"column":75},"end":{"line":183,"column":10}},"skip":true}},"statementMap":{"1":{"start":{"line":12,"column":0},"end":{"line":195,"column":5}},"2":{"start":{"line":14,"column":4},"end":{"line":14,"column":14}},"3":{"start":{"line":19,"column":4},"end":{"line":56,"column":9}},"4":{"start":{"line":21,"column":8},"end":{"line":21,"column":19}},"5":{"start":{"line":23,"column":8},"end":{"line":35,"column":13}},"6":{"start":{"line":24,"column":12},"end":{"line":34,"column":13}},"7":{"start":{"line":25,"column":16},"end":{"line":28,"column":30}},"8":{"start":{"line":30,"column":16},"end":{"line":33,"column":27}},"9":{"start":{"line":37,"column":8},"end":{"line":39,"column":21}},"10":{"start":{"line":40,"column":8},"end":{"line":53,"column":9}},"11":{"start":{"line":43,"column":12},"end":{"line":46,"column":14}},"12":{"start":{"line":47,"column":12},"end":{"line":47,"column":18}},"13":{"start":{"line":50,"column":12},"end":{"line":51,"column":46}},"14":{"start":{"line":52,"column":12},"end":{"line":52,"column":18}},"15":{"start":{"line":55,"column":8},"end":{"line":55,"column":35}},"16":{"start":{"line":61,"column":4},"end":{"line":63,"column":9}},"17":{"start":{"line":62,"column":8},"end":{"line":62,"column":15}},"18":{"start":{"line":64,"column":4},"end":{"line":77,"column":5}},"19":{"start":{"line":70,"column":8},"end":{"line":70,"column":14}},"20":{"start":{"line":76,"column":8},"end":{"line":76,"column":14}},"21":{"start":{"line":82,"column":4},"end":{"line":84,"column":9}},"22":{"start":{"line":83,"column":8},"end":{"line":83,"column":15}},"23":{"start":{"line":85,"column":4},"end":{"line":194,"column":5}},"24":{"start":{"line":91,"column":8},"end":{"line":99,"column":10}},"25":{"start":{"line":98,"column":12},"end":{"line":98,"column":35}},"26":{"start":{"line":102,"column":8},"end":{"line":104,"column":63}},"27":{"start":{"line":105,"column":8},"end":{"line":105,"column":14}},"28":{"start":{"line":112,"column":8},"end":{"line":121,"column":10},"skip":true},"29":{"start":{"line":119,"column":12},"end":{"line":119,"column":55},"skip":true},"30":{"start":{"line":120,"column":12},"end":{"line":120,"column":48},"skip":true},"31":{"start":{"line":123,"column":8},"end":{"line":136,"column":10},"skip":true},"32":{"start":{"line":130,"column":12},"end":{"line":130,"column":76},"skip":true},"33":{"start":{"line":131,"column":12},"end":{"line":131,"column":73},"skip":true},"34":{"start":{"line":132,"column":12},"end":{"line":132,"column":74},"skip":true},"35":{"start":{"line":133,"column":12},"end":{"line":133,"column":79},"skip":true},"36":{"start":{"line":134,"column":12},"end":{"line":134,"column":25},"skip":true},"37":{"start":{"line":135,"column":12},"end":{"line":135,"column":45},"skip":true},"38":{"start":{"line":138,"column":8},"end":{"line":145,"column":14},"skip":true},"39":{"start":{"line":143,"column":16},"end":{"line":143,"column":29},"skip":true},"40":{"start":{"line":144,"column":16},"end":{"line":144,"column":55},"skip":true},"41":{"start":{"line":147,"column":8},"end":{"line":156,"column":10},"skip":true},"42":{"start":{"line":154,"column":12},"end":{"line":154,"column":25},"skip":true},"43":{"start":{"line":155,"column":12},"end":{"line":155,"column":45},"skip":true},"44":{"start":{"line":158,"column":8},"end":{"line":167,"column":10},"skip":true},"45":{"start":{"line":165,"column":12},"end":{"line":165,"column":25},"skip":true},"46":{"start":{"line":166,"column":12},"end":{"line":166,"column":48},"skip":true},"47":{"start":{"line":169,"column":8},"end":{"line":178,"column":10},"skip":true},"48":{"start":{"line":176,"column":12},"end":{"line":176,"column":25},"skip":true},"49":{"start":{"line":177,"column":12},"end":{"line":177,"column":46},"skip":true},"50":{"start":{"line":180,"column":8},"end":{"line":189,"column":10},"skip":true},"51":{"start":{"line":187,"column":12},"end":{"line":187,"column":94},"skip":true},"52":{"start":{"line":188,"column":12},"end":{"line":188,"column":48},"skip":true},"53":{"start":{"line":192,"column":8},"end":{"line":192,"column":35},"skip":true},"54":{"start":{"line":193,"column":8},"end":{"line":193,"column":14},"skip":true}},"branchMap":{"1":{"line":25,"type":"binary-expr","locations":[{"start":{"line":25,"column":23},"end":{"line":25,"column":62}},{"start":{"line":26,"column":20},"end":{"line":26,"column":70}},{"start":{"line":27,"column":20},"end":{"line":27,"column":71}},{"start":{"line":28,"column":20},"end":{"line":28,"column":29}}]},"2":{"line":30,"type":"binary-expr","locations":[{"start":{"line":30,"column":23},"end":{"line":30,"column":37}},{"start":{"line":31,"column":20},"end":{"line":31,"column":61}},{"start":{"line":32,"column":20},"end":{"line":32,"column":70}},{"start":{"line":33,"column":20},"end":{"line":33,"column":26}}]},"3":{"line":37,"type":"cond-expr","locations":[{"start":{"line":38,"column":14},"end":{"line":38,"column":20}},{"start":{"line":39,"column":14},"end":{"line":39,"column":20}}]},"4":{"line":40,"type":"switch","locations":[{"start":{"line":42,"column":8},"end":{"line":47,"column":18}},{"start":{"line":49,"column":8},"end":{"line":52,"column":18}}]},"5":{"line":44,"type":"binary-expr","locations":[{"start":{"line":44,"column":16},"end":{"line":44,"column":44}},{"start":{"line":44,"column":48},"end":{"line":44,"column":66}}]},"6":{"line":50,"type":"binary-expr","locations":[{"start":{"line":50,"column":21},"end":{"line":50,"column":49}},{"start":{"line":50,"column":53},"end":{"line":50,"column":72}}]},"7":{"line":64,"type":"switch","locations":[{"start":{"line":69,"column":4},"end":{"line":70,"column":14}},{"start":{"line":75,"column":4},"end":{"line":76,"column":14}}]},"8":{"line":85,"type":"switch","locations":[{"start":{"line":90,"column":4},"end":{"line":105,"column":14}},{"start":{"line":111,"column":4},"end":{"line":193,"column":14},"skip":true}]},"9":{"line":91,"type":"binary-expr","locations":[{"start":{"line":91,"column":42},"end":{"line":91,"column":73}},{"start":{"line":91,"column":77},"end":{"line":99,"column":9}}]},"10":{"line":102,"type":"binary-expr","locations":[{"start":{"line":102,"column":18},"end":{"line":102,"column":32}},{"start":{"line":103,"column":12},"end":{"line":103,"column":53}},{"start":{"line":104,"column":12},"end":{"line":104,"column":61}}]},"11":{"line":112,"type":"binary-expr","locations":[{"start":{"line":112,"column":45},"end":{"line":112,"column":79},"skip":true},{"start":{"line":112,"column":83},"end":{"line":121,"column":9},"skip":true}]},"12":{"line":123,"type":"binary-expr","locations":[{"start":{"line":123,"column":42},"end":{"line":123,"column":73},"skip":true},{"start":{"line":123,"column":77},"end":{"line":136,"column":9},"skip":true}]},"13":{"line":138,"type":"binary-expr","locations":[{"start":{"line":138,"column":48},"end":{"line":138,"column":85},"skip":true},{"start":{"line":139,"column":12},"end":{"line":145,"column":13},"skip":true}]},"14":{"line":147,"type":"binary-expr","locations":[{"start":{"line":147,"column":42},"end":{"line":147,"column":73},"skip":true},{"start":{"line":147,"column":77},"end":{"line":156,"column":9},"skip":true}]},"15":{"line":158,"type":"binary-expr","locations":[{"start":{"line":158,"column":45},"end":{"line":158,"column":79},"skip":true},{"start":{"line":158,"column":83},"end":{"line":167,"column":9},"skip":true}]},"16":{"line":169,"type":"binary-expr","locations":[{"start":{"line":169,"column":43},"end":{"line":169,"column":75},"skip":true},{"start":{"line":169,"column":79},"end":{"line":178,"column":9},"skip":true}]},"17":{"line":180,"type":"binary-expr","locations":[{"start":{"line":180,"column":41},"end":{"line":180,"column":71},"skip":true},{"start":{"line":180,"column":75},"end":{"line":189,"column":9},"skip":true}]}},"code":["/* istanbul instrument in package npmtest_numbers */","/*jslint","    bitwise: true,","    browser: true,","    maxerr: 8,","    maxlen: 96,","    node: true,","    nomen: true,","    regexp: true,","    stupid: true","*/","(function () {","    'use strict';","    var local;","","","","    // run shared js-env code - pre-init","    (function () {","        // init local","        local = {};","        // init modeJs","        local.modeJs = (function () {","            try {","                return typeof navigator.userAgent === 'string' &&","                    typeof document.querySelector('body') === 'object' &&","                    typeof XMLHttpRequest.prototype.open === 'function' &&","                    'browser';","            } catch (errorCaughtBrowser) {","                return module.exports &&","                    typeof process.versions.node === 'string' &&","                    typeof require('http').createServer === 'function' &&","                    'node';","            }","        }());","        // init global","        local.global = local.modeJs === 'browser'","            ? window","            : global;","        switch (local.modeJs) {","        // re-init local from window.local","        case 'browser':","            local = local.global.utility2.objectSetDefault(","                local.global.utility2_rollup || local.global.local,","                local.global.utility2","            );","            break;","        // re-init local from example.js","        case 'node':","            local = (local.global.utility2_rollup || require('utility2'))","                .requireExampleJsFromReadme();","            break;","        }","        // export local","        local.global.local = local;","    }());","","","","    // run shared js-env code - function","    (function () {","        return;","    }());","    switch (local.modeJs) {","","","","    // run browser js-env code - function","    case 'browser':","        break;","","","","    // run node js-env code - function","    case 'node':","        break;","    }","","","","    // run shared js-env code - post-init","    (function () {","        return;","    }());","    switch (local.modeJs) {","","","","    // run browser js-env code - post-init","    case 'browser':","        local.testCase_browser_nullCase = local.testCase_browser_nullCase || function (","            options,","            onError","        ) {","        /*","         * this function will test browsers's null-case handling-behavior-behavior","         */","            onError(null, options);","        };","","        // run tests","        local.nop(local.modeTest &&","            document.querySelector('#testRunButton1') &&","            document.querySelector('#testRunButton1').click());","        break;","","","","    // run node js-env code - post-init","    /* istanbul ignore next */","    case 'node':","        local.testCase_buildApidoc_default = local.testCase_buildApidoc_default || function (","            options,","            onError","        ) {","        /*","         * this function will test buildApidoc's default handling-behavior-behavior","         */","            options = { modulePathList: module.paths };","            local.buildApidoc(options, onError);","        };","","        local.testCase_buildApp_default = local.testCase_buildApp_default || function (","            options,","            onError","        ) {","        /*","         * this function will test buildApp's default handling-behavior-behavior","         */","            local.testCase_buildReadme_default(options, local.onErrorThrow);","            local.testCase_buildLib_default(options, local.onErrorThrow);","            local.testCase_buildTest_default(options, local.onErrorThrow);","            local.testCase_buildCustomOrg_default(options, local.onErrorThrow);","            options = [];","            local.buildApp(options, onError);","        };","","        local.testCase_buildCustomOrg_default = local.testCase_buildCustomOrg_default ||","            function (options, onError) {","            /*","             * this function will test buildCustomOrg's default handling-behavior","             */","                options = {};","                local.buildCustomOrg(options, onError);","            };","","        local.testCase_buildLib_default = local.testCase_buildLib_default || function (","            options,","            onError","        ) {","        /*","         * this function will test buildLib's default handling-behavior","         */","            options = {};","            local.buildLib(options, onError);","        };","","        local.testCase_buildReadme_default = local.testCase_buildReadme_default || function (","            options,","            onError","        ) {","        /*","         * this function will test buildReadme's default handling-behavior-behavior","         */","            options = {};","            local.buildReadme(options, onError);","        };","","        local.testCase_buildTest_default = local.testCase_buildTest_default || function (","            options,","            onError","        ) {","        /*","         * this function will test buildTest's default handling-behavior","         */","            options = {};","            local.buildTest(options, onError);","        };","","        local.testCase_webpage_default = local.testCase_webpage_default || function (","            options,","            onError","        ) {","        /*","         * this function will test webpage's default handling-behavior","         */","            options = { modeCoverageMerge: true, url: local.serverLocalHost + '?modeTest=1' };","            local.browserTest(options, onError);","        };","","        // run test-server","        local.testRunServer(local);","        break;","    }","}());",""],"l":{"12":2,"14":2,"19":2,"21":2,"23":2,"24":2,"25":2,"30":1,"37":2,"40":2,"43":1,"47":1,"50":1,"52":1,"55":2,"61":2,"62":2,"64":2,"70":1,"76":1,"82":2,"83":2,"85":2,"91":1,"98":1,"102":1,"105":1,"112":1,"119":1,"120":1,"123":1,"130":1,"131":1,"132":1,"133":1,"134":1,"135":1,"138":1,"143":2,"144":2,"147":1,"154":2,"155":2,"158":1,"165":2,"166":2,"169":1,"176":2,"177":2,"180":1,"187":1,"188":1,"192":1,"193":1}},"/home/travis/build/npmtest/node-npmtest-numbers/lib.npmtest_numbers.js":{"path":"/home/travis/build/npmtest/node-npmtest-numbers/lib.npmtest_numbers.js","s":{"1":2,"2":2,"3":2,"4":2,"5":2,"6":2,"7":2,"8":1,"9":2,"10":2,"11":2,"12":2,"13":1,"14":1,"15":1,"16":1},"b":{"1":[2,1,1,1],"2":[1,1,1,1],"3":[1,1],"4":[2,2],"5":[1,1]},"f":{"1":2,"2":2,"3":2},"fnMap":{"1":{"name":"(anonymous_1)","line":12,"loc":{"start":{"line":12,"column":1},"end":{"line":12,"column":13}}},"2":{"name":"(anonymous_2)","line":19,"loc":{"start":{"line":19,"column":5},"end":{"line":19,"column":17}}},"3":{"name":"(anonymous_3)","line":23,"loc":{"start":{"line":23,"column":24},"end":{"line":23,"column":36}}}},"statementMap":{"1":{"start":{"line":12,"column":0},"end":{"line":53,"column":5}},"2":{"start":{"line":14,"column":4},"end":{"line":14,"column":14}},"3":{"start":{"line":19,"column":4},"end":{"line":52,"column":9}},"4":{"start":{"line":21,"column":8},"end":{"line":21,"column":19}},"5":{"start":{"line":23,"column":8},"end":{"line":35,"column":13}},"6":{"start":{"line":24,"column":12},"end":{"line":34,"column":13}},"7":{"start":{"line":25,"column":16},"end":{"line":28,"column":30}},"8":{"start":{"line":30,"column":16},"end":{"line":33,"column":27}},"9":{"start":{"line":37,"column":8},"end":{"line":39,"column":21}},"10":{"start":{"line":41,"column":8},"end":{"line":41,"column":54}},"11":{"start":{"line":43,"column":8},"end":{"line":43,"column":52}},"12":{"start":{"line":45,"column":8},"end":{"line":51,"column":9}},"13":{"start":{"line":46,"column":12},"end":{"line":46,"column":58}},"14":{"start":{"line":48,"column":12},"end":{"line":48,"column":35}},"15":{"start":{"line":49,"column":12},"end":{"line":49,"column":49}},"16":{"start":{"line":50,"column":12},"end":{"line":50,"column":43}}},"branchMap":{"1":{"line":25,"type":"binary-expr","locations":[{"start":{"line":25,"column":23},"end":{"line":25,"column":62}},{"start":{"line":26,"column":20},"end":{"line":26,"column":70}},{"start":{"line":27,"column":20},"end":{"line":27,"column":71}},{"start":{"line":28,"column":20},"end":{"line":28,"column":29}}]},"2":{"line":30,"type":"binary-expr","locations":[{"start":{"line":30,"column":23},"end":{"line":30,"column":37}},{"start":{"line":31,"column":20},"end":{"line":31,"column":61}},{"start":{"line":32,"column":20},"end":{"line":32,"column":70}},{"start":{"line":33,"column":20},"end":{"line":33,"column":26}}]},"3":{"line":37,"type":"cond-expr","locations":[{"start":{"line":38,"column":14},"end":{"line":38,"column":20}},{"start":{"line":39,"column":14},"end":{"line":39,"column":20}}]},"4":{"line":41,"type":"binary-expr","locations":[{"start":{"line":41,"column":16},"end":{"line":41,"column":44}},{"start":{"line":41,"column":48},"end":{"line":41,"column":53}}]},"5":{"line":45,"type":"if","locations":[{"start":{"line":45,"column":8},"end":{"line":45,"column":8}},{"start":{"line":45,"column":8},"end":{"line":45,"column":8}}]}},"code":["/* istanbul instrument in package npmtest_numbers */","/*jslint","    bitwise: true,","    browser: true,","    maxerr: 8,","    maxlen: 96,","    node: true,","    nomen: true,","    regexp: true,","    stupid: true","*/","(function () {","    'use strict';","    var local;","","","","    // run shared js-env code - pre-init","    (function () {","        // init local","        local = {};","        // init modeJs","        local.modeJs = (function () {","            try {","                return typeof navigator.userAgent === 'string' &&","                    typeof document.querySelector('body') === 'object' &&","                    typeof XMLHttpRequest.prototype.open === 'function' &&","                    'browser';","            } catch (errorCaughtBrowser) {","                return module.exports &&","                    typeof process.versions.node === 'string' &&","                    typeof require('http').createServer === 'function' &&","                    'node';","            }","        }());","        // init global","        local.global = local.modeJs === 'browser'","            ? window","            : global;","        // init utility2_rollup","        local = local.global.utility2_rollup || local;","        // init lib","        local.local = local.npmtest_numbers = local;","        // init exports","        if (local.modeJs === 'browser') {","            local.global.utility2_npmtest_numbers = local;","        } else {","            module.exports = local;","            module.exports.__dirname = __dirname;","            module.exports.module = module;","        }","    }());","}());",""],"l":{"12":2,"14":2,"19":2,"21":2,"23":2,"24":2,"25":2,"30":1,"37":2,"41":2,"43":2,"45":2,"46":1,"48":1,"49":1,"50":1}},"/home/travis/build/npmtest/node-npmtest-numbers/example.js":{"path":"/home/travis/build/npmtest/node-npmtest-numbers/example.js","s":{"1":2,"2":2,"3":2,"4":2,"5":2,"6":2,"7":2,"8":1,"9":2,"10":2,"11":2,"12":2,"13":1,"14":2,"15":2,"16":2,"17":2,"18":2,"19":0,"20":2,"21":1,"22":1,"23":1,"24":1,"25":1,"26":0,"27":0,"28":1,"29":1,"30":2,"31":0,"32":0,"33":0,"34":1,"35":2,"36":2,"37":3,"38":3,"39":3,"40":3,"41":0,"42":3,"43":3,"44":3,"45":1,"46":3,"47":1,"48":1,"49":1,"50":1,"51":1,"52":1,"53":1,"54":1,"55":1,"56":1,"57":0,"58":1,"59":6,"60":6,"61":1,"62":2,"63":0,"64":2,"65":1,"66":1,"67":0,"68":0,"69":0,"70":0,"71":0,"72":0,"73":0,"74":0,"75":0,"76":0,"77":0,"78":0,"79":0,"80":0,"81":0,"82":0,"83":0},"b":{"1":[2,1,1,1],"2":[1,1,1,1],"3":[1,1],"4":[2,2],"5":[1,1],"6":[1,1],"7":[2,0],"8":[2,1,1,1,1,1],"9":[0,2,0],"10":[1,1],"11":[2,1,1],"12":[1,0],"13":[0,2],"14":[2,0,0,0,0,0,0],"15":[0,3],"16":[3,0],"17":[1,1],"18":[0,1],"19":[1,2,0,2],"20":[1,0],"21":[1,1],"22":[0,0],"23":[0,0],"24":[0,0],"25":[0,0],"26":[0,0],"27":[0,0],"28":[0,0]},"f":{"1":2,"2":2,"3":2,"4":2,"5":2,"6":2,"7":3,"8":3,"9":3,"10":1,"11":6,"12":0},"fnMap":{"1":{"name":"(anonymous_1)","line":26,"loc":{"start":{"line":26,"column":1},"end":{"line":26,"column":13}}},"2":{"name":"(anonymous_2)","line":33,"loc":{"start":{"line":33,"column":5},"end":{"line":33,"column":17}}},"3":{"name":"(anonymous_3)","line":37,"loc":{"start":{"line":37,"column":24},"end":{"line":37,"column":36}}},"4":{"name":"(anonymous_4)","line":69,"loc":{"start":{"line":69,"column":31},"end":{"line":69,"column":48}},"skip":true},"5":{"name":"(anonymous_5)","line":78,"loc":{"start":{"line":78,"column":26},"end":{"line":78,"column":45}},"skip":true},"6":{"name":"(anonymous_6)","line":123,"loc":{"start":{"line":123,"column":33},"end":{"line":123,"column":48}},"skip":true},"7":{"name":"(anonymous_7)","line":125,"loc":{"start":{"line":125,"column":27},"end":{"line":125,"column":39}},"skip":true},"8":{"name":"(anonymous_8)","line":133,"loc":{"start":{"line":133,"column":59},"end":{"line":133,"column":74}},"skip":true},"9":{"name":"(anonymous_9)","line":143,"loc":{"start":{"line":143,"column":45},"end":{"line":143,"column":62}},"skip":true},"10":{"name":"(anonymous_10)","line":144,"loc":{"start":{"line":144,"column":73},"end":{"line":144,"column":92}},"skip":true},"11":{"name":"(anonymous_11)","line":272,"loc":{"start":{"line":272,"column":51},"end":{"line":272,"column":77}},"skip":true},"12":{"name":"(anonymous_12)","line":315,"loc":{"start":{"line":315,"column":32},"end":{"line":315,"column":61}},"skip":true}},"statementMap":{"1":{"start":{"line":26,"column":0},"end":{"line":326,"column":5}},"2":{"start":{"line":28,"column":4},"end":{"line":28,"column":14}},"3":{"start":{"line":33,"column":4},"end":{"line":60,"column":9}},"4":{"start":{"line":35,"column":8},"end":{"line":35,"column":19}},"5":{"start":{"line":37,"column":8},"end":{"line":49,"column":13}},"6":{"start":{"line":38,"column":12},"end":{"line":48,"column":13}},"7":{"start":{"line":39,"column":16},"end":{"line":42,"column":30}},"8":{"start":{"line":44,"column":16},"end":{"line":47,"column":27}},"9":{"start":{"line":51,"column":8},"end":{"line":53,"column":21}},"10":{"start":{"line":55,"column":8},"end":{"line":57,"column":45}},"11":{"start":{"line":59,"column":8},"end":{"line":59,"column":35}},"12":{"start":{"line":61,"column":4},"end":{"line":325,"column":5}},"13":{"start":{"line":69,"column":8},"end":{"line":121,"column":10},"skip":true},"14":{"start":{"line":70,"column":12},"end":{"line":88,"column":13},"skip":true},"15":{"start":{"line":76,"column":16},"end":{"line":87,"column":19},"skip":true},"16":{"start":{"line":79,"column":20},"end":{"line":86,"column":21},"skip":true},"17":{"start":{"line":82,"column":24},"end":{"line":82,"column":43},"skip":true},"18":{"start":{"line":83,"column":24},"end":{"line":83,"column":30},"skip":true},"19":{"start":{"line":85,"column":24},"end":{"line":85,"column":49},"skip":true},"20":{"start":{"line":89,"column":12},"end":{"line":107,"column":13},"skip":true},"21":{"start":{"line":92,"column":16},"end":{"line":102,"column":17},"skip":true},"22":{"start":{"line":93,"column":20},"end":{"line":93,"column":86},"skip":true},"23":{"start":{"line":94,"column":20},"end":{"line":95,"column":45},"skip":true},"24":{"start":{"line":96,"column":20},"end":{"line":96,"column":42},"skip":true},"25":{"start":{"line":97,"column":20},"end":{"line":97,"column":48},"skip":true},"26":{"start":{"line":100,"column":20},"end":{"line":100,"column":85},"skip":true},"27":{"start":{"line":101,"column":20},"end":{"line":101,"column":96},"skip":true},"28":{"start":{"line":103,"column":16},"end":{"line":103,"column":22},"skip":true},"29":{"start":{"line":106,"column":16},"end":{"line":106,"column":22},"skip":true},"30":{"start":{"line":108,"column":12},"end":{"line":120,"column":13},"skip":true},"31":{"start":{"line":114,"column":16},"end":{"line":119,"column":17},"skip":true},"32":{"start":{"line":116,"column":20},"end":{"line":116,"column":78},"skip":true},"33":{"start":{"line":118,"column":20},"end":{"line":118,"column":47},"skip":true},"34":{"start":{"line":123,"column":8},"end":{"line":141,"column":11},"skip":true},"35":{"start":{"line":124,"column":12},"end":{"line":124,"column":54},"skip":true},"36":{"start":{"line":125,"column":12},"end":{"line":140,"column":14},"skip":true},"37":{"start":{"line":126,"column":16},"end":{"line":126,"column":28},"skip":true},"38":{"start":{"line":127,"column":16},"end":{"line":127,"column":69},"skip":true},"39":{"start":{"line":128,"column":16},"end":{"line":128,"column":75},"skip":true},"40":{"start":{"line":129,"column":16},"end":{"line":131,"column":17},"skip":true},"41":{"start":{"line":130,"column":20},"end":{"line":130,"column":27},"skip":true},"42":{"start":{"line":133,"column":16},"end":{"line":137,"column":36},"skip":true},"43":{"start":{"line":134,"column":20},"end":{"line":136,"column":55},"skip":true},"44":{"start":{"line":139,"column":16},"end":{"line":139,"column":57},"skip":true},"45":{"start":{"line":143,"column":8},"end":{"line":147,"column":11},"skip":true},"46":{"start":{"line":144,"column":12},"end":{"line":146,"column":15},"skip":true},"47":{"start":{"line":145,"column":16},"end":{"line":145,"column":70},"skip":true},"48":{"start":{"line":149,"column":8},"end":{"line":149,"column":31},"skip":true},"49":{"start":{"line":150,"column":8},"end":{"line":150,"column":14},"skip":true},"50":{"start":{"line":158,"column":8},"end":{"line":158,"column":31},"skip":true},"51":{"start":{"line":160,"column":8},"end":{"line":160,"column":33},"skip":true},"52":{"start":{"line":161,"column":8},"end":{"line":161,"column":37},"skip":true},"53":{"start":{"line":162,"column":8},"end":{"line":162,"column":35},"skip":true},"54":{"start":{"line":164,"column":8},"end":{"line":164,"column":50},"skip":true},"55":{"start":{"line":166,"column":8},"end":{"line":256,"column":2},"skip":true},"56":{"start":{"line":258,"column":8},"end":{"line":286,"column":9},"skip":true},"57":{"start":{"line":259,"column":12},"end":{"line":269,"column":14},"skip":true},"58":{"start":{"line":271,"column":12},"end":{"line":285,"column":19},"skip":true},"59":{"start":{"line":274,"column":20},"end":{"line":274,"column":35},"skip":true},"60":{"start":{"line":275,"column":20},"end":{"line":284,"column":21},"skip":true},"61":{"start":{"line":277,"column":24},"end":{"line":277,"column":64},"skip":true},"62":{"start":{"line":279,"column":24},"end":{"line":279,"column":40},"skip":true},"63":{"start":{"line":281,"column":24},"end":{"line":281,"column":40},"skip":true},"64":{"start":{"line":283,"column":24},"end":{"line":283,"column":39},"skip":true},"65":{"start":{"line":288,"column":8},"end":{"line":290,"column":9},"skip":true},"66":{"start":{"line":289,"column":12},"end":{"line":289,"column":18},"skip":true},"67":{"start":{"line":291,"column":8},"end":{"line":293,"column":54},"skip":true},"68":{"start":{"line":296,"column":8},"end":{"line":301,"column":37},"skip":true},"69":{"start":{"line":303,"column":8},"end":{"line":303,"column":82},"skip":true},"70":{"start":{"line":306,"column":8},"end":{"line":308,"column":9},"skip":true},"71":{"start":{"line":307,"column":12},"end":{"line":307,"column":82},"skip":true},"72":{"start":{"line":310,"column":8},"end":{"line":312,"column":9},"skip":true},"73":{"start":{"line":311,"column":12},"end":{"line":311,"column":18},"skip":true},"74":{"start":{"line":313,"column":8},"end":{"line":313,"column":54},"skip":true},"75":{"start":{"line":314,"column":8},"end":{"line":314,"column":69},"skip":true},"76":{"start":{"line":315,"column":8},"end":{"line":323,"column":36},"skip":true},"77":{"start":{"line":316,"column":12},"end":{"line":316,"column":61},"skip":true},"78":{"start":{"line":317,"column":12},"end":{"line":320,"column":13},"skip":true},"79":{"start":{"line":318,"column":16},"end":{"line":318,"column":75},"skip":true},"80":{"start":{"line":319,"column":16},"end":{"line":319,"column":23},"skip":true},"81":{"start":{"line":321,"column":12},"end":{"line":321,"column":38},"skip":true},"82":{"start":{"line":322,"column":12},"end":{"line":322,"column":27},"skip":true},"83":{"start":{"line":324,"column":8},"end":{"line":324,"column":14},"skip":true}},"branchMap":{"1":{"line":39,"type":"binary-expr","locations":[{"start":{"line":39,"column":23},"end":{"line":39,"column":62}},{"start":{"line":40,"column":20},"end":{"line":40,"column":70}},{"start":{"line":41,"column":20},"end":{"line":41,"column":71}},{"start":{"line":42,"column":20},"end":{"line":42,"column":29}}]},"2":{"line":44,"type":"binary-expr","locations":[{"start":{"line":44,"column":23},"end":{"line":44,"column":37}},{"start":{"line":45,"column":20},"end":{"line":45,"column":61}},{"start":{"line":46,"column":20},"end":{"line":46,"column":70}},{"start":{"line":47,"column":20},"end":{"line":47,"column":26}}]},"3":{"line":51,"type":"cond-expr","locations":[{"start":{"line":52,"column":14},"end":{"line":52,"column":20}},{"start":{"line":53,"column":14},"end":{"line":53,"column":20}}]},"4":{"line":55,"type":"binary-expr","locations":[{"start":{"line":55,"column":16},"end":{"line":55,"column":44}},{"start":{"line":55,"column":49},"end":{"line":57,"column":43}}]},"5":{"line":55,"type":"cond-expr","locations":[{"start":{"line":56,"column":14},"end":{"line":56,"column":51}},{"start":{"line":57,"column":14},"end":{"line":57,"column":43}}]},"6":{"line":61,"type":"switch","locations":[{"start":{"line":68,"column":4},"end":{"line":150,"column":14},"skip":true},{"start":{"line":156,"column":4},"end":{"line":324,"column":14},"skip":true}]},"7":{"line":70,"type":"if","locations":[{"start":{"line":70,"column":12},"end":{"line":70,"column":12},"skip":true},{"start":{"line":70,"column":12},"end":{"line":70,"column":12},"skip":true}]},"8":{"line":70,"type":"binary-expr","locations":[{"start":{"line":70,"column":16},"end":{"line":70,"column":22},"skip":true},{"start":{"line":70,"column":27},"end":{"line":70,"column":32},"skip":true},{"start":{"line":71,"column":20},"end":{"line":71,"column":39},"skip":true},{"start":{"line":72,"column":20},"end":{"line":72,"column":49},"skip":true},{"start":{"line":73,"column":20},"end":{"line":73,"column":58},"skip":true},{"start":{"line":74,"column":20},"end":{"line":74,"column":69},"skip":true}]},"9":{"line":79,"type":"switch","locations":[{"start":{"line":80,"column":20},"end":{"line":80,"column":33},"skip":true},{"start":{"line":81,"column":20},"end":{"line":83,"column":30},"skip":true},{"start":{"line":84,"column":20},"end":{"line":85,"column":49},"skip":true}]},"10":{"line":89,"type":"switch","locations":[{"start":{"line":90,"column":12},"end":{"line":103,"column":22},"skip":true},{"start":{"line":105,"column":12},"end":{"line":106,"column":22},"skip":true}]},"11":{"line":89,"type":"binary-expr","locations":[{"start":{"line":89,"column":20},"end":{"line":89,"column":25},"skip":true},{"start":{"line":89,"column":29},"end":{"line":89,"column":48},"skip":true},{"start":{"line":89,"column":52},"end":{"line":89,"column":74},"skip":true}]},"12":{"line":92,"type":"if","locations":[{"start":{"line":92,"column":16},"end":{"line":92,"column":16},"skip":true},{"start":{"line":92,"column":16},"end":{"line":92,"column":16},"skip":true}]},"13":{"line":108,"type":"if","locations":[{"start":{"line":108,"column":12},"end":{"line":108,"column":12},"skip":true},{"start":{"line":108,"column":12},"end":{"line":108,"column":12},"skip":true}]},"14":{"line":108,"type":"binary-expr","locations":[{"start":{"line":108,"column":16},"end":{"line":108,"column":61},"skip":true},{"start":{"line":108,"column":66},"end":{"line":108,"column":72},"skip":true},{"start":{"line":108,"column":77},"end":{"line":108,"column":82},"skip":true},{"start":{"line":109,"column":20},"end":{"line":109,"column":39},"skip":true},{"start":{"line":110,"column":20},"end":{"line":110,"column":49},"skip":true},{"start":{"line":111,"column":20},"end":{"line":111,"column":58},"skip":true},{"start":{"line":112,"column":20},"end":{"line":112,"column":68},"skip":true}]},"15":{"line":129,"type":"if","locations":[{"start":{"line":129,"column":16},"end":{"line":129,"column":16},"skip":true},{"start":{"line":129,"column":16},"end":{"line":129,"column":16},"skip":true}]},"16":{"line":134,"type":"cond-expr","locations":[{"start":{"line":135,"column":26},"end":{"line":135,"column":29},"skip":true},{"start":{"line":136,"column":26},"end":{"line":136,"column":54},"skip":true}]},"17":{"line":164,"type":"binary-expr","locations":[{"start":{"line":164,"column":27},"end":{"line":164,"column":43},"skip":true},{"start":{"line":164,"column":47},"end":{"line":164,"column":49},"skip":true}]},"18":{"line":258,"type":"if","locations":[{"start":{"line":258,"column":8},"end":{"line":258,"column":8},"skip":true},{"start":{"line":258,"column":8},"end":{"line":258,"column":8},"skip":true}]},"19":{"line":275,"type":"switch","locations":[{"start":{"line":276,"column":20},"end":{"line":277,"column":64},"skip":true},{"start":{"line":278,"column":20},"end":{"line":279,"column":40},"skip":true},{"start":{"line":280,"column":20},"end":{"line":281,"column":40},"skip":true},{"start":{"line":282,"column":20},"end":{"line":283,"column":39},"skip":true}]},"20":{"line":288,"type":"if","locations":[{"start":{"line":288,"column":8},"end":{"line":288,"column":8},"skip":true},{"start":{"line":288,"column":8},"end":{"line":288,"column":8},"skip":true}]},"21":{"line":288,"type":"binary-expr","locations":[{"start":{"line":288,"column":12},"end":{"line":288,"column":40},"skip":true},{"start":{"line":288,"column":44},"end":{"line":288,"column":67},"skip":true}]},"22":{"line":292,"type":"binary-expr","locations":[{"start":{"line":292,"column":12},"end":{"line":292,"column":50},"skip":true},{"start":{"line":293,"column":12},"end":{"line":293,"column":53},"skip":true}]},"23":{"line":297,"type":"binary-expr","locations":[{"start":{"line":297,"column":12},"end":{"line":297,"column":65},"skip":true},{"start":{"line":298,"column":12},"end":{"line":301,"column":36},"skip":true}]},"24":{"line":303,"type":"binary-expr","locations":[{"start":{"line":303,"column":43},"end":{"line":303,"column":75},"skip":true},{"start":{"line":303,"column":79},"end":{"line":303,"column":81},"skip":true}]},"25":{"line":306,"type":"if","locations":[{"start":{"line":306,"column":8},"end":{"line":306,"column":8},"skip":true},{"start":{"line":306,"column":8},"end":{"line":306,"column":8},"skip":true}]},"26":{"line":310,"type":"if","locations":[{"start":{"line":310,"column":8},"end":{"line":310,"column":8},"skip":true},{"start":{"line":310,"column":8},"end":{"line":310,"column":8},"skip":true}]},"27":{"line":313,"type":"binary-expr","locations":[{"start":{"line":313,"column":27},"end":{"line":313,"column":43},"skip":true},{"start":{"line":313,"column":47},"end":{"line":313,"column":53},"skip":true}]},"28":{"line":317,"type":"if","locations":[{"start":{"line":317,"column":12},"end":{"line":317,"column":12},"skip":true},{"start":{"line":317,"column":12},"end":{"line":317,"column":12},"skip":true}]}},"code":["/*","example.js","","quickstart example","","instruction","    1. save this script as example.js","    2. run the shell command:","        $ npm install npmtest-numbers && PORT=8081 node example.js","    3. play with the browser-demo on http://127.0.0.1:8081","*/","","","","/* istanbul instrument in package npmtest_numbers */","/*jslint","    bitwise: true,","    browser: true,","    maxerr: 8,","    maxlen: 96,","    node: true,","    nomen: true,","    regexp: true,","    stupid: true","*/","(function () {","    'use strict';","    var local;","","","","    // run shared js-env code - pre-init","    (function () {","        // init local","        local = {};","        // init modeJs","        local.modeJs = (function () {","            try {","                return typeof navigator.userAgent === 'string' &&","                    typeof document.querySelector('body') === 'object' &&","                    typeof XMLHttpRequest.prototype.open === 'function' &&","                    'browser';","            } catch (errorCaughtBrowser) {","                return module.exports &&","                    typeof process.versions.node === 'string' &&","                    typeof require('http').createServer === 'function' &&","                    'node';","            }","        }());","        // init global","        local.global = local.modeJs === 'browser'","            ? window","            : global;","        // init utility2_rollup","        local = local.global.utility2_rollup || (local.modeJs === 'browser'","            ? local.global.utility2_npmtest_numbers","            : global.utility2_moduleExports);","        // export local","        local.global.local = local;","    }());","    switch (local.modeJs) {","","","","    // post-init","    // run browser js-env code - post-init","    /* istanbul ignore next */","    case 'browser':","        local.testRunBrowser = function (event) {","            if (!event || (event &&","                    event.currentTarget &&","                    event.currentTarget.className &&","                    event.currentTarget.className.includes &&","                    event.currentTarget.className.includes('onreset'))) {","                // reset output","                Array.from(","                    document.querySelectorAll('body > .resettable')","                ).forEach(function (element) {","                    switch (element.tagName) {","                    case 'INPUT':","                    case 'TEXTAREA':","                        element.value = '';","                        break;","                    default:","                        element.textContent = '';","                    }","                });","            }","            switch (event && event.currentTarget && event.currentTarget.id) {","            case 'testRunButton1':","                // show tests","                if (document.querySelector('#testReportDiv1').style.display === 'none') {","                    document.querySelector('#testReportDiv1').style.display = 'block';","                    document.querySelector('#testRunButton1').textContent =","                        'hide internal test';","                    local.modeTest = true;","                    local.testRunDefault(local);","                // hide tests","                } else {","                    document.querySelector('#testReportDiv1').style.display = 'none';","                    document.querySelector('#testRunButton1').textContent = 'run internal test';","                }","                break;","            // custom-case","            default:","                break;","            }","            if (document.querySelector('#inputTextareaEval1') && (!event || (event &&","                    event.currentTarget &&","                    event.currentTarget.className &&","                    event.currentTarget.className.includes &&","                    event.currentTarget.className.includes('oneval')))) {","                // try to eval input-code","                try {","                    /*jslint evil: true*/","                    eval(document.querySelector('#inputTextareaEval1').value);","                } catch (errorCaught) {","                    console.error(errorCaught);","                }","            }","        };","        // log stderr and stdout to #outputTextareaStdout1","        ['error', 'log'].forEach(function (key) {","            console[key + '_original'] = console[key];","            console[key] = function () {","                var element;","                console[key + '_original'].apply(console, arguments);","                element = document.querySelector('#outputTextareaStdout1');","                if (!element) {","                    return;","                }","                // append text to #outputTextareaStdout1","                element.value += Array.from(arguments).map(function (arg) {","                    return typeof arg === 'string'","                        ? arg","                        : JSON.stringify(arg, null, 4);","                }).join(' ') + '\\n';","                // scroll textarea to bottom","                element.scrollTop = element.scrollHeight;","            };","        });","        // init event-handling","        ['change', 'click', 'keyup'].forEach(function (event) {","            Array.from(document.querySelectorAll('.on' + event)).forEach(function (element) {","                element.addEventListener(event, local.testRunBrowser);","            });","        });","        // run tests","        local.testRunBrowser();","        break;","","","","    // run node js-env code - post-init","    /* istanbul ignore next */","    case 'node':","        // export local","        module.exports = local;","        // require modules","        local.fs = require('fs');","        local.http = require('http');","        local.url = require('url');","        // init assets","        local.assetsDict = local.assetsDict || {};","        /* jslint-ignore-begin */","        local.assetsDict['/assets.index.template.html'] = '\\","<!doctype html>\\n\\","<html lang=\"en\">\\n\\","<head>\\n\\","<meta charset=\"UTF-8\">\\n\\","<meta name=\"viewport\" content=\"width=device-width, initial-scale=1\">\\n\\","<title>{{env.npm_package_name}} (v{{env.npm_package_version}})</title>\\n\\","<style>\\n\\","/*csslint\\n\\","    box-sizing: false,\\n\\","    universal-selector: false\\n\\","*/\\n\\","* {\\n\\","    box-sizing: border-box;\\n\\","}\\n\\","body {\\n\\","    background: #dde;\\n\\","    font-family: Arial, Helvetica, sans-serif;\\n\\","    margin: 2rem;\\n\\","}\\n\\","body > * {\\n\\","    margin-bottom: 1rem;\\n\\","}\\n\\",".utility2FooterDiv {\\n\\","    margin-top: 20px;\\n\\","    text-align: center;\\n\\","}\\n\\","</style>\\n\\","<style>\\n\\","/*csslint\\n\\","*/\\n\\","textarea {\\n\\","    font-family: monospace;\\n\\","    height: 10rem;\\n\\","    width: 100%;\\n\\","}\\n\\","textarea[readonly] {\\n\\","    background: #ddd;\\n\\","}\\n\\","</style>\\n\\","</head>\\n\\","<body>\\n\\","<!-- utility2-comment\\n\\","<div id=\"ajaxProgressDiv1\" style=\"background: #d00; height: 2px; left: 0; margin: 0; padding: 0; position: fixed; top: 0; transition: background 0.5s, width 1.5s; width: 25%;\"></div>\\n\\","utility2-comment -->\\n\\","<h1>\\n\\","<!-- utility2-comment\\n\\","    <a\\n\\","        {{#if env.npm_package_homepage}}\\n\\","        href=\"{{env.npm_package_homepage}}\"\\n\\","        {{/if env.npm_package_homepage}}\\n\\","        target=\"_blank\"\\n\\","    >\\n\\","utility2-comment -->\\n\\","        {{env.npm_package_name}} (v{{env.npm_package_version}})\\n\\","<!-- utility2-comment\\n\\","    </a>\\n\\","utility2-comment -->\\n\\","</h1>\\n\\","<h3>{{env.npm_package_description}}</h3>\\n\\","<!-- utility2-comment\\n\\","<h4><a download href=\"assets.app.js\">download standalone app</a></h4>\\n\\","<button class=\"onclick onreset\" id=\"testRunButton1\">run internal test</button><br>\\n\\","<div id=\"testReportDiv1\" style=\"display: none;\"></div>\\n\\","utility2-comment -->\\n\\","\\n\\","\\n\\","\\n\\","<label>stderr and stdout</label>\\n\\","<textarea class=\"resettable\" id=\"outputTextareaStdout1\" readonly></textarea>\\n\\","<!-- utility2-comment\\n\\","{{#if isRollup}}\\n\\","<script src=\"assets.app.js\"></script>\\n\\","{{#unless isRollup}}\\n\\","utility2-comment -->\\n\\","<script src=\"assets.utility2.rollup.js\"></script>\\n\\","<script src=\"jsonp.utility2._stateInit?callback=window.utility2._stateInit\"></script>\\n\\","<script src=\"assets.npmtest_numbers.rollup.js\"></script>\\n\\","<script src=\"assets.example.js\"></script>\\n\\","<script src=\"assets.test.js\"></script>\\n\\","<!-- utility2-comment\\n\\","{{/if isRollup}}\\n\\","utility2-comment -->\\n\\","<div class=\"utility2FooterDiv\">\\n\\","    [ this app was created with\\n\\","    <a href=\"https://github.com/kaizhu256/node-utility2\" target=\"_blank\">utility2</a>\\n\\","    ]\\n\\","</div>\\n\\","</body>\\n\\","</html>\\n\\","';","        /* jslint-ignore-end */","        if (local.templateRender) {","            local.assetsDict['/'] = local.templateRender(","                local.assetsDict['/assets.index.template.html'],","                {","                    env: local.objectSetDefault(local.env, {","                        npm_package_description: 'the greatest app in the world!',","                        npm_package_name: 'my-app',","                        npm_package_nameAlias: 'my_app',","                        npm_package_version: '0.0.1'","                    })","                }","            );","        } else {","            local.assetsDict['/'] = local.assetsDict['/assets.index.template.html']","                .replace((/\\{\\{env\\.(\\w+?)\\}\\}/g), function (match0, match1) {","                    // jslint-hack","                    String(match0);","                    switch (match1) {","                    case 'npm_package_description':","                        return 'the greatest app in the world!';","                    case 'npm_package_name':","                        return 'my-app';","                    case 'npm_package_nameAlias':","                        return 'my_app';","                    case 'npm_package_version':","                        return '0.0.1';","                    }","                });","        }","        // run the cli","        if (local.global.utility2_rollup || module !== require.main) {","            break;","        }","        local.assetsDict['/assets.example.js'] =","            local.assetsDict['/assets.example.js'] ||","            local.fs.readFileSync(__filename, 'utf8');","        // bug-workaround - long $npm_package_buildCustomOrg","        /* jslint-ignore-begin */","        local.assetsDict['/assets.npmtest_numbers.rollup.js'] =","            local.assetsDict['/assets.npmtest_numbers.rollup.js'] ||","            local.fs.readFileSync(","                local.npmtest_numbers.__dirname + '/lib.npmtest_numbers.js',","                'utf8'","            ).replace((/^#!/), '//');","        /* jslint-ignore-end */","        local.assetsDict['/favicon.ico'] = local.assetsDict['/favicon.ico'] || '';","        // if $npm_config_timeout_exit exists,","        // then exit this process after $npm_config_timeout_exit ms","        if (Number(process.env.npm_config_timeout_exit)) {","            setTimeout(process.exit, Number(process.env.npm_config_timeout_exit));","        }","        // start server","        if (local.global.utility2_serverHttp1) {","            break;","        }","        process.env.PORT = process.env.PORT || '8081';","        console.error('server starting on port ' + process.env.PORT);","        local.http.createServer(function (request, response) {","            request.urlParsed = local.url.parse(request.url);","            if (local.assetsDict[request.urlParsed.pathname] !== undefined) {","                response.end(local.assetsDict[request.urlParsed.pathname]);","                return;","            }","            response.statusCode = 404;","            response.end();","        }).listen(process.env.PORT);","        break;","    }","}());",""],"l":{"26":2,"28":2,"33":2,"35":2,"37":2,"38":2,"39":2,"44":1,"51":2,"55":2,"59":2,"61":2,"69":1,"70":2,"76":2,"79":2,"82":2,"83":2,"85":1,"89":2,"92":1,"93":1,"94":1,"96":1,"97":1,"100":1,"101":1,"103":1,"106":1,"108":2,"114":1,"116":1,"118":1,"123":1,"124":2,"125":2,"126":3,"127":3,"128":3,"129":3,"130":1,"133":3,"134":3,"139":3,"143":1,"144":3,"145":1,"149":1,"150":1,"158":1,"160":1,"161":1,"162":1,"164":1,"166":1,"258":1,"259":1,"271":1,"274":6,"275":6,"277":1,"279":2,"281":1,"283":2,"288":1,"289":1,"291":1,"296":1,"303":1,"306":1,"307":1,"310":1,"311":1,"313":1,"314":1,"315":1,"316":1,"317":1,"318":1,"319":1,"321":1,"322":1,"324":1}},"/home/travis/build/npmtest/node-npmtest-numbers/node_modules/numbers/index.js":{"path":"/home/travis/build/npmtest/node-npmtest-numbers/node_modules/numbers/index.js","s":{"1":1},"b":{},"f":{},"fnMap":{},"statementMap":{"1":{"start":{"line":1,"column":0},"end":{"line":1,"column":45}}},"branchMap":{},"code":["module.exports = require('./lib/numbers.js');",""],"l":{"1":1}},"/home/travis/build/npmtest/node-npmtest-numbers/node_modules/numbers/lib/numbers.js":{"path":"/home/travis/build/npmtest/node-npmtest-numbers/node_modules/numbers/lib/numbers.js","s":{"1":1,"2":1,"3":1,"4":1,"5":1,"6":1,"7":1,"8":1,"9":1,"10":1,"11":1},"b":{},"f":{},"fnMap":{},"statementMap":{"1":{"start":{"line":21,"column":0},"end":{"line":21,"column":22}},"2":{"start":{"line":25,"column":0},"end":{"line":25,"column":43}},"3":{"start":{"line":26,"column":0},"end":{"line":26,"column":49}},"4":{"start":{"line":27,"column":0},"end":{"line":27,"column":47}},"5":{"start":{"line":28,"column":0},"end":{"line":28,"column":39}},"6":{"start":{"line":29,"column":0},"end":{"line":29,"column":45}},"7":{"start":{"line":30,"column":0},"end":{"line":30,"column":43}},"8":{"start":{"line":31,"column":0},"end":{"line":31,"column":51}},"9":{"start":{"line":32,"column":0},"end":{"line":32,"column":51}},"10":{"start":{"line":33,"column":0},"end":{"line":33,"column":45}},"11":{"start":{"line":46,"column":0},"end":{"line":46,"column":24}}},"branchMap":{},"code":["/**"," * numbers.js"," * http://github.com/sjkaliski/numbers.js"," *"," * Copyright 2012 Stephen Kaliski"," *"," * Licensed under the Apache License, Version 2.0 (the \"License\");"," * you may not use this file except in compliance with the License."," * You may obtain a copy of the License at"," *"," * http://www.apache.org/licenses/LICENSE-2.0"," *"," * Unless required by applicable law or agreed to in writing, software"," * distributed under the License is distributed on an \"AS IS\" BASIS,"," * WITHOUT WARRANTIES OR CONDITIONS OF ANY KIND, either express or implied."," * See the License for the specific language governing permissions and"," * limitations under the License."," */","","","var numbers = exports;","","","// Expose methods","numbers.basic = require('./numbers/basic');","numbers.calculus = require('./numbers/calculus');","numbers.complex = require('./numbers/complex');","numbers.dsp = require('./numbers/dsp');","numbers.matrix = require('./numbers/matrix');","numbers.prime = require('./numbers/prime');","numbers.statistic = require('./numbers/statistic');","numbers.generate = require('./numbers/generators');","numbers.random = require('./numbers/random');","","/**"," * @property {Number} EPSILON Epsilon (error bound) to be used"," * in calculations. Can be set and retrieved freely."," *"," * Given the float-point handling by JavaScript, as well as"," * the numbersal proficiency of some methods, it is common"," * practice to include a bound by which discrepency between"," * the \"true\" answer and the returned value is acceptable."," *"," * If no value is provided, 0.001 is default."," */","numbers.EPSILON = 0.001;",""],"l":{"21":1,"25":1,"26":1,"27":1,"28":1,"29":1,"30":1,"31":1,"32":1,"33":1,"46":1}},"/home/travis/build/npmtest/node-npmtest-numbers/node_modules/numbers/lib/numbers/basic.js":{"path":"/home/travis/build/npmtest/node-npmtest-numbers/node_modules/numbers/lib/numbers/basic.js","s":{"1":1,"2":1,"3":0,"4":0,"5":0,"6":0,"7":0,"8":0,"9":0,"10":0,"11":1,"12":0,"13":0,"14":0,"15":0,"16":0,"17":0,"18":0,"19":0,"20":0,"21":0,"22":1,"23":0,"24":0,"25":0,"26":0,"27":0,"28":0,"29":0,"30":0,"31":0,"32":0,"33":1,"34":0,"35":0,"36":0,"37":1,"38":0,"39":1,"40":0,"41":0,"42":0,"43":0,"44":0,"45":0,"46":0,"47":0,"48":0,"49":0,"50":0,"51":0,"52":0,"53":1,"54":0,"55":0,"56":0,"57":0,"58":0,"59":0,"60":0,"61":0,"62":1,"63":0,"64":0,"65":0,"66":0,"67":0,"68":0,"69":0,"70":0,"71":0,"72":0,"73":0,"74":0,"75":0,"76":0,"77":1,"78":0,"79":1,"80":0,"81":0,"82":0,"83":0,"84":0,"85":0,"86":0,"87":0,"88":0,"89":0,"90":1,"91":0,"92":0,"93":0,"94":0,"95":0,"96":0,"97":0,"98":1,"99":0,"100":0,"101":0,"102":0,"103":0,"104":0,"105":0,"106":0,"107":0,"108":0,"109":1,"110":0,"111":0,"112":0,"113":0,"114":0,"115":0,"116":0,"117":0,"118":0,"119":0,"120":1,"121":0,"122":0,"123":0,"124":0,"125":0,"126":0,"127":0,"128":0,"129":0,"130":0,"131":0,"132":0,"133":0,"134":1,"135":0,"136":1,"137":0,"138":0,"139":0,"140":0,"141":0,"142":1,"143":0,"144":0,"145":0,"146":0,"147":0,"148":0,"149":0,"150":0,"151":0,"152":0,"153":0,"154":0,"155":0,"156":0,"157":0,"158":0,"159":0,"160":0,"161":1,"162":0,"163":0,"164":0,"165":0,"166":0,"167":0,"168":0,"169":0,"170":0,"171":0,"172":0,"173":0,"174":0,"175":0,"176":0,"177":0,"178":0,"179":0,"180":0,"181":0,"182":0,"183":0,"184":0,"185":1,"186":0,"187":0,"188":0,"189":0,"190":1,"191":0,"192":0,"193":0,"194":1,"195":0,"196":0,"197":0,"198":0,"199":0,"200":0,"201":0,"202":0,"203":1,"204":0,"205":0,"206":0,"207":0,"208":0,"209":0,"210":0},"b":{"1":[0,0],"2":[0,0],"3":[0,0],"4":[0,0],"5":[0,0],"6":[0,0],"7":[0,0],"8":[0,0],"9":[0,0],"10":[0,0],"11":[0,0],"12":[0,0],"13":[0,0],"14":[0,0],"15":[0,0],"16":[0,0],"17":[0,0],"18":[0,0],"19":[0,0],"20":[0,0],"21":[0,0],"22":[0,0],"23":[0,0],"24":[0,0,0,0],"25":[0,0],"26":[0,0],"27":[0,0],"28":[0,0],"29":[0,0],"30":[0,0],"31":[0,0],"32":[0,0],"33":[0,0],"34":[0,0],"35":[0,0],"36":[0,0],"37":[0,0],"38":[0,0],"39":[0,0],"40":[0,0],"41":[0,0],"42":[0,0],"43":[0,0],"44":[0,0],"45":[0,0],"46":[0,0,0],"47":[0,0],"48":[0,0],"49":[0,0],"50":[0,0],"51":[0,0],"52":[0,0],"53":[0,0],"54":[0,0],"55":[0,0],"56":[0,0,0,0],"57":[0,0],"58":[0,0],"59":[0,0],"60":[0,0],"61":[0,0],"62":[0,0],"63":[0,0,0],"64":[0,0],"65":[0,0],"66":[0,0],"67":[0,0],"68":[0,0]},"f":{"1":0,"2":0,"3":0,"4":0,"5":0,"6":0,"7":0,"8":0,"9":0,"10":0,"11":0,"12":0,"13":0,"14":0,"15":0,"16":0,"17":0,"18":0,"19":0,"20":0,"21":0,"22":0},"fnMap":{"1":{"name":"(anonymous_1)","line":29,"loc":{"start":{"line":29,"column":12},"end":{"line":29,"column":27}}},"2":{"name":"(anonymous_2)","line":53,"loc":{"start":{"line":53,"column":20},"end":{"line":53,"column":35}}},"3":{"name":"(anonymous_3)","line":78,"loc":{"start":{"line":78,"column":16},"end":{"line":78,"column":31}}},"4":{"name":"(anonymous_4)","line":103,"loc":{"start":{"line":103,"column":15},"end":{"line":103,"column":30}}},"5":{"name":"(anonymous_5)","line":119,"loc":{"start":{"line":119,"column":17},"end":{"line":119,"column":33}}},"6":{"name":"_binomial","line":123,"loc":{"start":{"line":123,"column":2},"end":{"line":123,"column":28}}},"7":{"name":"(anonymous_7)","line":145,"loc":{"start":{"line":145,"column":18},"end":{"line":145,"column":32}}},"8":{"name":"(anonymous_8)","line":164,"loc":{"start":{"line":164,"column":12},"end":{"line":164,"column":28}}},"9":{"name":"(anonymous_9)","line":195,"loc":{"start":{"line":195,"column":12},"end":{"line":195,"column":34}}},"10":{"name":"(anonymous_10)","line":207,"loc":{"start":{"line":207,"column":15},"end":{"line":207,"column":54}}},"11":{"name":"(anonymous_11)","line":231,"loc":{"start":{"line":231,"column":16},"end":{"line":231,"column":33}}},"12":{"name":"(anonymous_12)","line":251,"loc":{"start":{"line":251,"column":12},"end":{"line":251,"column":27}}},"13":{"name":"(anonymous_13)","line":275,"loc":{"start":{"line":275,"column":12},"end":{"line":275,"column":27}}},"14":{"name":"(anonymous_14)","line":301,"loc":{"start":{"line":301,"column":14},"end":{"line":301,"column":43}}},"15":{"name":"(anonymous_15)","line":333,"loc":{"start":{"line":333,"column":14},"end":{"line":333,"column":27}}},"16":{"name":"(anonymous_16)","line":344,"loc":{"start":{"line":344,"column":15},"end":{"line":344,"column":31}}},"17":{"name":"(anonymous_17)","line":361,"loc":{"start":{"line":361,"column":17},"end":{"line":361,"column":36}}},"18":{"name":"(anonymous_18)","line":392,"loc":{"start":{"line":392,"column":13},"end":{"line":392,"column":29}}},"19":{"name":"(anonymous_19)","line":438,"loc":{"start":{"line":438,"column":19},"end":{"line":438,"column":35}}},"20":{"name":"(anonymous_20)","line":452,"loc":{"start":{"line":452,"column":21},"end":{"line":452,"column":54}}},"21":{"name":"(anonymous_21)","line":466,"loc":{"start":{"line":466,"column":25},"end":{"line":466,"column":40}}},"22":{"name":"(anonymous_22)","line":487,"loc":{"start":{"line":487,"column":20},"end":{"line":487,"column":35}}}},"statementMap":{"1":{"start":{"line":21,"column":0},"end":{"line":21,"column":20}},"2":{"start":{"line":29,"column":0},"end":{"line":43,"column":2}},"3":{"start":{"line":30,"column":2},"end":{"line":42,"column":3}},"4":{"start":{"line":31,"column":4},"end":{"line":31,"column":18}},"5":{"start":{"line":32,"column":4},"end":{"line":38,"column":5}},"6":{"start":{"line":33,"column":6},"end":{"line":37,"column":7}},"7":{"start":{"line":34,"column":8},"end":{"line":34,"column":31}},"8":{"start":{"line":36,"column":8},"end":{"line":36,"column":65}},"9":{"start":{"line":39,"column":4},"end":{"line":39,"column":17}},"10":{"start":{"line":41,"column":4},"end":{"line":41,"column":51}},"11":{"start":{"line":53,"column":0},"end":{"line":70,"column":2}},"12":{"start":{"line":54,"column":2},"end":{"line":69,"column":3}},"13":{"start":{"line":55,"column":4},"end":{"line":55,"column":23}},"14":{"start":{"line":56,"column":4},"end":{"line":58,"column":5}},"15":{"start":{"line":57,"column":6},"end":{"line":57,"column":63}},"16":{"start":{"line":59,"column":4},"end":{"line":65,"column":5}},"17":{"start":{"line":60,"column":6},"end":{"line":64,"column":7}},"18":{"start":{"line":61,"column":8},"end":{"line":61,"column":24}},"19":{"start":{"line":63,"column":8},"end":{"line":63,"column":65}},"20":{"start":{"line":66,"column":4},"end":{"line":66,"column":17}},"21":{"start":{"line":68,"column":4},"end":{"line":68,"column":51}},"22":{"start":{"line":78,"column":0},"end":{"line":95,"column":2}},"23":{"start":{"line":79,"column":2},"end":{"line":94,"column":3}},"24":{"start":{"line":80,"column":4},"end":{"line":80,"column":23}},"25":{"start":{"line":81,"column":4},"end":{"line":83,"column":5}},"26":{"start":{"line":82,"column":6},"end":{"line":82,"column":63}},"27":{"start":{"line":84,"column":4},"end":{"line":90,"column":5}},"28":{"start":{"line":85,"column":6},"end":{"line":89,"column":7}},"29":{"start":{"line":86,"column":8},"end":{"line":86,"column":31}},"30":{"start":{"line":88,"column":8},"end":{"line":88,"column":65}},"31":{"start":{"line":91,"column":4},"end":{"line":91,"column":17}},"32":{"start":{"line":93,"column":4},"end":{"line":93,"column":51}},"33":{"start":{"line":103,"column":0},"end":{"line":110,"column":2}},"34":{"start":{"line":104,"column":2},"end":{"line":108,"column":3}},"35":{"start":{"line":105,"column":4},"end":{"line":105,"column":47}},"36":{"start":{"line":107,"column":4},"end":{"line":107,"column":21}},"37":{"start":{"line":119,"column":0},"end":{"line":137,"column":2}},"38":{"start":{"line":121,"column":2},"end":{"line":121,"column":15}},"39":{"start":{"line":123,"column":2},"end":{"line":134,"column":3}},"40":{"start":{"line":124,"column":4},"end":{"line":126,"column":5}},"41":{"start":{"line":125,"column":6},"end":{"line":125,"column":49}},"42":{"start":{"line":127,"column":4},"end":{"line":127,"column":36}},"43":{"start":{"line":127,"column":27},"end":{"line":127,"column":36}},"44":{"start":{"line":128,"column":4},"end":{"line":128,"column":35}},"45":{"start":{"line":128,"column":26},"end":{"line":128,"column":35}},"46":{"start":{"line":129,"column":4},"end":{"line":129,"column":50}},"47":{"start":{"line":129,"column":33},"end":{"line":129,"column":50}},"48":{"start":{"line":130,"column":4},"end":{"line":130,"column":29}},"49":{"start":{"line":130,"column":17},"end":{"line":130,"column":29}},"50":{"start":{"line":132,"column":4},"end":{"line":132,"column":62}},"51":{"start":{"line":133,"column":4},"end":{"line":133,"column":21}},"52":{"start":{"line":136,"column":2},"end":{"line":136,"column":25}},"53":{"start":{"line":145,"column":0},"end":{"line":155,"column":2}},"54":{"start":{"line":146,"column":2},"end":{"line":146,"column":74}},"55":{"start":{"line":146,"column":31},"end":{"line":146,"column":74}},"56":{"start":{"line":147,"column":2},"end":{"line":147,"column":61}},"57":{"start":{"line":147,"column":14},"end":{"line":147,"column":61}},"58":{"start":{"line":148,"column":2},"end":{"line":148,"column":19}},"59":{"start":{"line":150,"column":2},"end":{"line":152,"column":3}},"60":{"start":{"line":151,"column":4},"end":{"line":151,"column":13}},"61":{"start":{"line":154,"column":2},"end":{"line":154,"column":11}},"62":{"start":{"line":164,"column":0},"end":{"line":186,"column":2}},"63":{"start":{"line":165,"column":2},"end":{"line":165,"column":8}},"64":{"start":{"line":166,"column":2},"end":{"line":166,"column":9}},"65":{"start":{"line":167,"column":2},"end":{"line":167,"column":9}},"66":{"start":{"line":169,"column":2},"end":{"line":171,"column":3}},"67":{"start":{"line":170,"column":4},"end":{"line":170,"column":15}},"68":{"start":{"line":173,"column":2},"end":{"line":175,"column":3}},"69":{"start":{"line":174,"column":4},"end":{"line":174,"column":20}},"70":{"start":{"line":177,"column":2},"end":{"line":179,"column":3}},"71":{"start":{"line":178,"column":4},"end":{"line":178,"column":52}},"72":{"start":{"line":180,"column":2},"end":{"line":184,"column":3}},"73":{"start":{"line":181,"column":4},"end":{"line":181,"column":14}},"74":{"start":{"line":182,"column":4},"end":{"line":182,"column":10}},"75":{"start":{"line":183,"column":4},"end":{"line":183,"column":10}},"76":{"start":{"line":185,"column":2},"end":{"line":185,"column":26}},"77":{"start":{"line":195,"column":0},"end":{"line":197,"column":2}},"78":{"start":{"line":196,"column":2},"end":{"line":196,"column":55}},"79":{"start":{"line":207,"column":0},"end":{"line":223,"column":2}},"80":{"start":{"line":208,"column":2},"end":{"line":212,"column":3}},"81":{"start":{"line":209,"column":4},"end":{"line":209,"column":35}},"82":{"start":{"line":210,"column":9},"end":{"line":212,"column":3}},"83":{"start":{"line":211,"column":4},"end":{"line":211,"column":64}},"84":{"start":{"line":214,"column":2},"end":{"line":222,"column":3}},"85":{"start":{"line":215,"column":4},"end":{"line":215,"column":23}},"86":{"start":{"line":216,"column":4},"end":{"line":218,"column":5}},"87":{"start":{"line":217,"column":6},"end":{"line":217,"column":62}},"88":{"start":{"line":219,"column":4},"end":{"line":219,"column":18}},"89":{"start":{"line":221,"column":4},"end":{"line":221,"column":46}},"90":{"start":{"line":231,"column":0},"end":{"line":243,"column":2}},"91":{"start":{"line":232,"column":2},"end":{"line":232,"column":29}},"92":{"start":{"line":234,"column":2},"end":{"line":240,"column":3}},"93":{"start":{"line":235,"column":4},"end":{"line":235,"column":40}},"94":{"start":{"line":237,"column":4},"end":{"line":237,"column":17}},"95":{"start":{"line":238,"column":4},"end":{"line":238,"column":24}},"96":{"start":{"line":239,"column":4},"end":{"line":239,"column":17}},"97":{"start":{"line":242,"column":2},"end":{"line":242,"column":15}},"98":{"start":{"line":251,"column":0},"end":{"line":267,"column":2}},"99":{"start":{"line":252,"column":2},"end":{"line":254,"column":3}},"100":{"start":{"line":253,"column":4},"end":{"line":253,"column":51}},"101":{"start":{"line":255,"column":2},"end":{"line":255,"column":27}},"102":{"start":{"line":256,"column":2},"end":{"line":265,"column":3}},"103":{"start":{"line":257,"column":4},"end":{"line":257,"column":18}},"104":{"start":{"line":258,"column":4},"end":{"line":260,"column":5}},"105":{"start":{"line":259,"column":6},"end":{"line":259,"column":16}},"106":{"start":{"line":262,"column":4},"end":{"line":264,"column":5}},"107":{"start":{"line":263,"column":6},"end":{"line":263,"column":17}},"108":{"start":{"line":266,"column":2},"end":{"line":266,"column":13}},"109":{"start":{"line":275,"column":0},"end":{"line":291,"column":2}},"110":{"start":{"line":276,"column":2},"end":{"line":278,"column":3}},"111":{"start":{"line":277,"column":4},"end":{"line":277,"column":51}},"112":{"start":{"line":279,"column":2},"end":{"line":279,"column":27}},"113":{"start":{"line":280,"column":2},"end":{"line":289,"column":3}},"114":{"start":{"line":281,"column":4},"end":{"line":281,"column":18}},"115":{"start":{"line":282,"column":4},"end":{"line":284,"column":5}},"116":{"start":{"line":283,"column":6},"end":{"line":283,"column":16}},"117":{"start":{"line":286,"column":4},"end":{"line":288,"column":5}},"118":{"start":{"line":287,"column":6},"end":{"line":287,"column":17}},"119":{"start":{"line":290,"column":2},"end":{"line":290,"column":13}},"120":{"start":{"line":301,"column":0},"end":{"line":325,"column":2}},"121":{"start":{"line":302,"column":2},"end":{"line":302,"column":24}},"122":{"start":{"line":304,"column":2},"end":{"line":307,"column":3}},"123":{"start":{"line":305,"column":4},"end":{"line":305,"column":22}},"124":{"start":{"line":306,"column":4},"end":{"line":306,"column":14}},"125":{"start":{"line":309,"column":2},"end":{"line":309,"column":19}},"126":{"start":{"line":311,"column":2},"end":{"line":313,"column":3}},"127":{"start":{"line":312,"column":4},"end":{"line":312,"column":30}},"128":{"start":{"line":315,"column":2},"end":{"line":315,"column":58}},"129":{"start":{"line":317,"column":2},"end":{"line":317,"column":25}},"130":{"start":{"line":319,"column":2},"end":{"line":322,"column":3}},"131":{"start":{"line":320,"column":4},"end":{"line":320,"column":23}},"132":{"start":{"line":321,"column":4},"end":{"line":321,"column":18}},"133":{"start":{"line":324,"column":2},"end":{"line":324,"column":15}},"134":{"start":{"line":333,"column":0},"end":{"line":335,"column":2}},"135":{"start":{"line":334,"column":2},"end":{"line":334,"column":21}},"136":{"start":{"line":344,"column":0},"end":{"line":348,"column":2}},"137":{"start":{"line":345,"column":2},"end":{"line":345,"column":61}},"138":{"start":{"line":345,"column":13},"end":{"line":345,"column":61}},"139":{"start":{"line":346,"column":2},"end":{"line":346,"column":86}},"140":{"start":{"line":346,"column":42},"end":{"line":346,"column":86}},"141":{"start":{"line":347,"column":2},"end":{"line":347,"column":36}},"142":{"start":{"line":361,"column":0},"end":{"line":383,"column":2}},"143":{"start":{"line":362,"column":2},"end":{"line":362,"column":124}},"144":{"start":{"line":362,"column":81},"end":{"line":362,"column":124}},"145":{"start":{"line":364,"column":2},"end":{"line":364,"column":40}},"146":{"start":{"line":364,"column":14},"end":{"line":364,"column":40}},"147":{"start":{"line":365,"column":2},"end":{"line":365,"column":28}},"148":{"start":{"line":365,"column":15},"end":{"line":365,"column":28}},"149":{"start":{"line":366,"column":2},"end":{"line":377,"column":3}},"150":{"start":{"line":367,"column":4},"end":{"line":367,"column":19}},"151":{"start":{"line":368,"column":4},"end":{"line":375,"column":5}},"152":{"start":{"line":369,"column":6},"end":{"line":371,"column":7}},"153":{"start":{"line":370,"column":8},"end":{"line":370,"column":34}},"154":{"start":{"line":373,"column":6},"end":{"line":373,"column":22}},"155":{"start":{"line":374,"column":6},"end":{"line":374,"column":17}},"156":{"start":{"line":376,"column":4},"end":{"line":376,"column":18}},"157":{"start":{"line":379,"column":2},"end":{"line":379,"column":46}},"158":{"start":{"line":379,"column":16},"end":{"line":379,"column":46}},"159":{"start":{"line":380,"column":2},"end":{"line":382,"column":3}},"160":{"start":{"line":381,"column":4},"end":{"line":381,"column":49}},"161":{"start":{"line":392,"column":0},"end":{"line":430,"column":2}},"162":{"start":{"line":393,"column":2},"end":{"line":393,"column":9}},"163":{"start":{"line":394,"column":2},"end":{"line":394,"column":9}},"164":{"start":{"line":396,"column":2},"end":{"line":398,"column":3}},"165":{"start":{"line":397,"column":4},"end":{"line":397,"column":27}},"166":{"start":{"line":400,"column":2},"end":{"line":402,"column":3}},"167":{"start":{"line":401,"column":4},"end":{"line":401,"column":42}},"168":{"start":{"line":404,"column":2},"end":{"line":406,"column":3}},"169":{"start":{"line":405,"column":4},"end":{"line":405,"column":52}},"170":{"start":{"line":407,"column":2},"end":{"line":413,"column":17}},"171":{"start":{"line":414,"column":4},"end":{"line":414,"column":20}},"172":{"start":{"line":415,"column":4},"end":{"line":415,"column":20}},"173":{"start":{"line":417,"column":2},"end":{"line":428,"column":3}},"174":{"start":{"line":418,"column":4},"end":{"line":418,"column":24}},"175":{"start":{"line":419,"column":4},"end":{"line":419,"column":14}},"176":{"start":{"line":420,"column":4},"end":{"line":420,"column":19}},"177":{"start":{"line":421,"column":4},"end":{"line":421,"column":19}},"178":{"start":{"line":422,"column":4},"end":{"line":422,"column":10}},"179":{"start":{"line":423,"column":4},"end":{"line":423,"column":10}},"180":{"start":{"line":424,"column":4},"end":{"line":424,"column":13}},"181":{"start":{"line":425,"column":4},"end":{"line":425,"column":13}},"182":{"start":{"line":426,"column":4},"end":{"line":426,"column":13}},"183":{"start":{"line":427,"column":4},"end":{"line":427,"column":13}},"184":{"start":{"line":429,"column":2},"end":{"line":429,"column":31}},"185":{"start":{"line":438,"column":0},"end":{"line":442,"column":2}},"186":{"start":{"line":439,"column":2},"end":{"line":439,"column":27}},"187":{"start":{"line":440,"column":2},"end":{"line":440,"column":62}},"188":{"start":{"line":440,"column":17},"end":{"line":440,"column":62}},"189":{"start":{"line":441,"column":2},"end":{"line":441,"column":18}},"190":{"start":{"line":452,"column":0},"end":{"line":455,"column":2}},"191":{"start":{"line":453,"column":2},"end":{"line":453,"column":149}},"192":{"start":{"line":453,"column":96},"end":{"line":453,"column":149}},"193":{"start":{"line":454,"column":2},"end":{"line":454,"column":67}},"194":{"start":{"line":466,"column":0},"end":{"line":477,"column":2}},"195":{"start":{"line":467,"column":2},"end":{"line":467,"column":25}},"196":{"start":{"line":469,"column":2},"end":{"line":469,"column":55}},"197":{"start":{"line":469,"column":12},"end":{"line":469,"column":53}},"198":{"start":{"line":470,"column":2},"end":{"line":470,"column":61}},"199":{"start":{"line":470,"column":12},"end":{"line":470,"column":59}},"200":{"start":{"line":472,"column":2},"end":{"line":474,"column":3}},"201":{"start":{"line":473,"column":4},"end":{"line":473,"column":13}},"202":{"start":{"line":476,"column":2},"end":{"line":476,"column":11}},"203":{"start":{"line":487,"column":0},"end":{"line":497,"column":2}},"204":{"start":{"line":488,"column":4},"end":{"line":490,"column":5}},"205":{"start":{"line":489,"column":8},"end":{"line":489,"column":64}},"206":{"start":{"line":491,"column":4},"end":{"line":493,"column":5}},"207":{"start":{"line":492,"column":8},"end":{"line":492,"column":55}},"208":{"start":{"line":494,"column":4},"end":{"line":494,"column":40}},"209":{"start":{"line":495,"column":4},"end":{"line":495,"column":52}},"210":{"start":{"line":496,"column":4},"end":{"line":496,"column":23}}},"branchMap":{"1":{"line":30,"type":"if","locations":[{"start":{"line":30,"column":2},"end":{"line":30,"column":2}},{"start":{"line":30,"column":2},"end":{"line":30,"column":2}}]},"2":{"line":33,"type":"if","locations":[{"start":{"line":33,"column":6},"end":{"line":33,"column":6}},{"start":{"line":33,"column":6},"end":{"line":33,"column":6}}]},"3":{"line":54,"type":"if","locations":[{"start":{"line":54,"column":2},"end":{"line":54,"column":2}},{"start":{"line":54,"column":2},"end":{"line":54,"column":2}}]},"4":{"line":56,"type":"if","locations":[{"start":{"line":56,"column":4},"end":{"line":56,"column":4}},{"start":{"line":56,"column":4},"end":{"line":56,"column":4}}]},"5":{"line":60,"type":"if","locations":[{"start":{"line":60,"column":6},"end":{"line":60,"column":6}},{"start":{"line":60,"column":6},"end":{"line":60,"column":6}}]},"6":{"line":79,"type":"if","locations":[{"start":{"line":79,"column":2},"end":{"line":79,"column":2}},{"start":{"line":79,"column":2},"end":{"line":79,"column":2}}]},"7":{"line":81,"type":"if","locations":[{"start":{"line":81,"column":4},"end":{"line":81,"column":4}},{"start":{"line":81,"column":4},"end":{"line":81,"column":4}}]},"8":{"line":85,"type":"if","locations":[{"start":{"line":85,"column":6},"end":{"line":85,"column":6}},{"start":{"line":85,"column":6},"end":{"line":85,"column":6}}]},"9":{"line":104,"type":"if","locations":[{"start":{"line":104,"column":2},"end":{"line":104,"column":2}},{"start":{"line":104,"column":2},"end":{"line":104,"column":2}}]},"10":{"line":124,"type":"if","locations":[{"start":{"line":124,"column":4},"end":{"line":124,"column":4}},{"start":{"line":124,"column":4},"end":{"line":124,"column":4}}]},"11":{"line":124,"type":"binary-expr","locations":[{"start":{"line":124,"column":8},"end":{"line":124,"column":30}},{"start":{"line":124,"column":34},"end":{"line":124,"column":56}}]},"12":{"line":127,"type":"if","locations":[{"start":{"line":127,"column":4},"end":{"line":127,"column":4}},{"start":{"line":127,"column":4},"end":{"line":127,"column":4}}]},"13":{"line":127,"type":"binary-expr","locations":[{"start":{"line":127,"column":8},"end":{"line":127,"column":14}},{"start":{"line":127,"column":18},"end":{"line":127,"column":25}}]},"14":{"line":128,"type":"if","locations":[{"start":{"line":128,"column":4},"end":{"line":128,"column":4}},{"start":{"line":128,"column":4},"end":{"line":128,"column":4}}]},"15":{"line":128,"type":"binary-expr","locations":[{"start":{"line":128,"column":8},"end":{"line":128,"column":15}},{"start":{"line":128,"column":19},"end":{"line":128,"column":24}}]},"16":{"line":129,"type":"if","locations":[{"start":{"line":129,"column":4},"end":{"line":129,"column":4}},{"start":{"line":129,"column":4},"end":{"line":129,"column":4}}]},"17":{"line":129,"type":"binary-expr","locations":[{"start":{"line":129,"column":8},"end":{"line":129,"column":14}},{"start":{"line":129,"column":18},"end":{"line":129,"column":31}}]},"18":{"line":130,"type":"if","locations":[{"start":{"line":130,"column":4},"end":{"line":130,"column":4}},{"start":{"line":130,"column":4},"end":{"line":130,"column":4}}]},"19":{"line":146,"type":"if","locations":[{"start":{"line":146,"column":2},"end":{"line":146,"column":2}},{"start":{"line":146,"column":2},"end":{"line":146,"column":2}}]},"20":{"line":147,"type":"if","locations":[{"start":{"line":147,"column":2},"end":{"line":147,"column":2}},{"start":{"line":147,"column":2},"end":{"line":147,"column":2}}]},"21":{"line":169,"type":"if","locations":[{"start":{"line":169,"column":2},"end":{"line":169,"column":2}},{"start":{"line":169,"column":2},"end":{"line":169,"column":2}}]},"22":{"line":169,"type":"binary-expr","locations":[{"start":{"line":169,"column":6},"end":{"line":169,"column":13}},{"start":{"line":169,"column":17},"end":{"line":169,"column":24}}]},"23":{"line":173,"type":"if","locations":[{"start":{"line":173,"column":2},"end":{"line":173,"column":2}},{"start":{"line":173,"column":2},"end":{"line":173,"column":2}}]},"24":{"line":173,"type":"binary-expr","locations":[{"start":{"line":173,"column":6},"end":{"line":173,"column":20}},{"start":{"line":173,"column":24},"end":{"line":173,"column":39}},{"start":{"line":173,"column":43},"end":{"line":173,"column":57}},{"start":{"line":173,"column":61},"end":{"line":173,"column":76}}]},"25":{"line":177,"type":"if","locations":[{"start":{"line":177,"column":2},"end":{"line":177,"column":2}},{"start":{"line":177,"column":2},"end":{"line":177,"column":2}}]},"26":{"line":177,"type":"binary-expr","locations":[{"start":{"line":177,"column":7},"end":{"line":177,"column":18}},{"start":{"line":177,"column":24},"end":{"line":177,"column":35}}]},"27":{"line":185,"type":"cond-expr","locations":[{"start":{"line":185,"column":19},"end":{"line":185,"column":20}},{"start":{"line":185,"column":23},"end":{"line":185,"column":25}}]},"28":{"line":208,"type":"if","locations":[{"start":{"line":208,"column":2},"end":{"line":208,"column":2}},{"start":{"line":208,"column":2},"end":{"line":208,"column":2}}]},"29":{"line":210,"type":"if","locations":[{"start":{"line":210,"column":9},"end":{"line":210,"column":9}},{"start":{"line":210,"column":9},"end":{"line":210,"column":9}}]},"30":{"line":210,"type":"binary-expr","locations":[{"start":{"line":210,"column":13},"end":{"line":210,"column":31}},{"start":{"line":210,"column":36},"end":{"line":210,"column":52}}]},"31":{"line":214,"type":"if","locations":[{"start":{"line":214,"column":2},"end":{"line":214,"column":2}},{"start":{"line":214,"column":2},"end":{"line":214,"column":2}}]},"32":{"line":252,"type":"if","locations":[{"start":{"line":252,"column":2},"end":{"line":252,"column":2}},{"start":{"line":252,"column":2},"end":{"line":252,"column":2}}]},"33":{"line":258,"type":"if","locations":[{"start":{"line":258,"column":4},"end":{"line":258,"column":4}},{"start":{"line":258,"column":4},"end":{"line":258,"column":4}}]},"34":{"line":262,"type":"if","locations":[{"start":{"line":262,"column":4},"end":{"line":262,"column":4}},{"start":{"line":262,"column":4},"end":{"line":262,"column":4}}]},"35":{"line":276,"type":"if","locations":[{"start":{"line":276,"column":2},"end":{"line":276,"column":2}},{"start":{"line":276,"column":2},"end":{"line":276,"column":2}}]},"36":{"line":282,"type":"if","locations":[{"start":{"line":282,"column":4},"end":{"line":282,"column":4}},{"start":{"line":282,"column":4},"end":{"line":282,"column":4}}]},"37":{"line":286,"type":"if","locations":[{"start":{"line":286,"column":4},"end":{"line":286,"column":4}},{"start":{"line":286,"column":4},"end":{"line":286,"column":4}}]},"38":{"line":304,"type":"if","locations":[{"start":{"line":304,"column":2},"end":{"line":304,"column":2}},{"start":{"line":304,"column":2},"end":{"line":304,"column":2}}]},"39":{"line":305,"type":"binary-expr","locations":[{"start":{"line":305,"column":11},"end":{"line":305,"column":16}},{"start":{"line":305,"column":20},"end":{"line":305,"column":21}}]},"40":{"line":309,"ty
[...]
olumn":2},"end":{"line":64,"column":21}},"27":{"start":{"line":65,"column":2},"end":{"line":65,"column":16}},"28":{"start":{"line":76,"column":0},"end":{"line":81,"column":2}},"29":{"start":{"line":77,"column":2},"end":{"line":77,"column":38}},"30":{"start":{"line":77,"column":30},"end":{"line":77,"column":38}},"31":{"start":{"line":78,"column":2},"end":{"line":78,"column":14}},"32":{"start":{"line":79,"column":2},"end":{"line":79,"column":44}},"33":{"start":{"line":79,"column":30},"end":{"line":79,"column":44}},"34":{"start":{"line":80,"column":2},"end":{"line":80,"column":19}},"35":{"start":{"line":92,"column":0},"end":{"line":98,"column":2}},"36":{"start":{"line":93,"column":2},"end":{"line":93,"column":35}},"37":{"start":{"line":93,"column":29},"end":{"line":93,"column":35}},"38":{"start":{"line":94,"column":2},"end":{"line":94,"column":36}},"39":{"start":{"line":94,"column":30},"end":{"line":94,"column":36}},"40":{"start":{"line":95,"column":2},"end":{"line":95,"column":14}},"41":{"start":{"line":96,"column":2},"end":{"line":96,"column":56}},"42":{"start":{"line":96,"column":30},"end":{"line":96,"column":56}},"43":{"start":{"line":97,"column":2},"end":{"line":97,"column":15}},"44":{"start":{"line":100,"column":0},"end":{"line":100,"column":25}},"45":{"start":{"line":110,"column":0},"end":{"line":115,"column":2}},"46":{"start":{"line":111,"column":2},"end":{"line":111,"column":39}},"47":{"start":{"line":111,"column":29},"end":{"line":111,"column":39}},"48":{"start":{"line":112,"column":2},"end":{"line":112,"column":37}},"49":{"start":{"line":112,"column":30},"end":{"line":112,"column":37}},"50":{"start":{"line":114,"column":2},"end":{"line":114,"column":53}},"51":{"start":{"line":125,"column":0},"end":{"line":134,"column":2}},"52":{"start":{"line":126,"column":2},"end":{"line":126,"column":39}},"53":{"start":{"line":126,"column":29},"end":{"line":126,"column":39}},"54":{"start":{"line":127,"column":2},"end":{"line":127,"column":37}},"55":{"start":{"line":127,"column":30},"end":{"line":127,"column":37}},"56":{"start":{"line":129,"column":2},"end":{"line":131,"column":4}},"57":{"start":{"line":130,"column":4},"end":{"line":130,"column":23}},"58":{"start":{"line":133,"column":2},"end":{"line":133,"column":70}},"59":{"start":{"line":147,"column":0},"end":{"line":159,"column":2}},"60":{"start":{"line":148,"column":2},"end":{"line":148,"column":40}},"61":{"start":{"line":148,"column":29},"end":{"line":148,"column":40}},"62":{"start":{"line":149,"column":2},"end":{"line":149,"column":39}},"63":{"start":{"line":149,"column":29},"end":{"line":149,"column":39}},"64":{"start":{"line":150,"column":2},"end":{"line":150,"column":37}},"65":{"start":{"line":150,"column":30},"end":{"line":150,"column":37}},"66":{"start":{"line":151,"column":2},"end":{"line":151,"column":19}},"67":{"start":{"line":153,"column":2},"end":{"line":156,"column":3}},"68":{"start":{"line":154,"column":4},"end":{"line":154,"column":57}},"69":{"start":{"line":155,"column":4},"end":{"line":155,"column":50}},"70":{"start":{"line":158,"column":2},"end":{"line":158,"column":17}},"71":{"start":{"line":170,"column":0},"end":{"line":179,"column":2}},"72":{"start":{"line":171,"column":2},"end":{"line":171,"column":37}},"73":{"start":{"line":171,"column":29},"end":{"line":171,"column":37}},"74":{"start":{"line":172,"column":2},"end":{"line":172,"column":36}},"75":{"start":{"line":172,"column":30},"end":{"line":172,"column":36}},"76":{"start":{"line":173,"column":2},"end":{"line":173,"column":29}},"77":{"start":{"line":174,"column":2},"end":{"line":176,"column":3}},"78":{"start":{"line":175,"column":4},"end":{"line":175,"column":42}},"79":{"start":{"line":178,"column":2},"end":{"line":178,"column":17}},"80":{"start":{"line":190,"column":0},"end":{"line":192,"column":2}},"81":{"start":{"line":191,"column":2},"end":{"line":191,"column":49}},"82":{"start":{"line":203,"column":0},"end":{"line":214,"column":2}},"83":{"start":{"line":204,"column":2},"end":{"line":204,"column":35}},"84":{"start":{"line":204,"column":29},"end":{"line":204,"column":35}},"85":{"start":{"line":205,"column":2},"end":{"line":205,"column":36}},"86":{"start":{"line":205,"column":30},"end":{"line":205,"column":36}},"87":{"start":{"line":207,"column":2},"end":{"line":207,"column":29}},"88":{"start":{"line":209,"column":2},"end":{"line":211,"column":3}},"89":{"start":{"line":210,"column":4},"end":{"line":210,"column":39}},"90":{"start":{"line":213,"column":2},"end":{"line":213,"column":17}}},"branchMap":{"1":{"line":13,"type":"if","locations":[{"start":{"line":13,"column":2},"end":{"line":13,"column":2}},{"start":{"line":13,"column":2},"end":{"line":13,"column":2}}]},"2":{"line":48,"type":"if","locations":[{"start":{"line":48,"column":2},"end":{"line":48,"column":2}},{"start":{"line":48,"column":2},"end":{"line":48,"column":2}}]},"3":{"line":49,"type":"if","locations":[{"start":{"line":49,"column":2},"end":{"line":49,"column":2}},{"start":{"line":49,"column":2},"end":{"line":49,"column":2}}]},"4":{"line":58,"type":"binary-expr","locations":[{"start":{"line":58,"column":11},"end":{"line":58,"column":18}},{"start":{"line":58,"column":22},"end":{"line":58,"column":27}}]},"5":{"line":77,"type":"if","locations":[{"start":{"line":77,"column":2},"end":{"line":77,"column":2}},{"start":{"line":77,"column":2},"end":{"line":77,"column":2}}]},"6":{"line":93,"type":"if","locations":[{"start":{"line":93,"column":2},"end":{"line":93,"column":2}},{"start":{"line":93,"column":2},"end":{"line":93,"column":2}}]},"7":{"line":94,"type":"if","locations":[{"start":{"line":94,"column":2},"end":{"line":94,"column":2}},{"start":{"line":94,"column":2},"end":{"line":94,"column":2}}]},"8":{"line":111,"type":"if","locations":[{"start":{"line":111,"column":2},"end":{"line":111,"column":2}},{"start":{"line":111,"column":2},"end":{"line":111,"column":2}}]},"9":{"line":112,"type":"if","locations":[{"start":{"line":112,"column":2},"end":{"line":112,"column":2}},{"start":{"line":112,"column":2},"end":{"line":112,"column":2}}]},"10":{"line":126,"type":"if","locations":[{"start":{"line":126,"column":2},"end":{"line":126,"column":2}},{"start":{"line":126,"column":2},"end":{"line":126,"column":2}}]},"11":{"line":127,"type":"if","locations":[{"start":{"line":127,"column":2},"end":{"line":127,"column":2}},{"start":{"line":127,"column":2},"end":{"line":127,"column":2}}]},"12":{"line":148,"type":"if","locations":[{"start":{"line":148,"column":2},"end":{"line":148,"column":2}},{"start":{"line":148,"column":2},"end":{"line":148,"column":2}}]},"13":{"line":149,"type":"if","locations":[{"start":{"line":149,"column":2},"end":{"line":149,"column":2}},{"start":{"line":149,"column":2},"end":{"line":149,"column":2}}]},"14":{"line":150,"type":"if","locations":[{"start":{"line":150,"column":2},"end":{"line":150,"column":2}},{"start":{"line":150,"column":2},"end":{"line":150,"column":2}}]},"15":{"line":155,"type":"cond-expr","locations":[{"start":{"line":155,"column":24},"end":{"line":155,"column":33}},{"start":{"line":155,"column":36},"end":{"line":155,"column":48}}]},"16":{"line":171,"type":"if","locations":[{"start":{"line":171,"column":2},"end":{"line":171,"column":2}},{"start":{"line":171,"column":2},"end":{"line":171,"column":2}}]},"17":{"line":172,"type":"if","locations":[{"start":{"line":172,"column":2},"end":{"line":172,"column":2}},{"start":{"line":172,"column":2},"end":{"line":172,"column":2}}]},"18":{"line":204,"type":"if","locations":[{"start":{"line":204,"column":2},"end":{"line":204,"column":2}},{"start":{"line":204,"column":2},"end":{"line":204,"column":2}}]},"19":{"line":205,"type":"if","locations":[{"start":{"line":205,"column":2},"end":{"line":205,"column":2}},{"start":{"line":205,"column":2},"end":{"line":205,"column":2}}]}},"code":["var basic = require('./basic');","var random = exports;","","// random number generator.","var rGen = Math.random;","","/**"," * Set the pseudo random number generator used by the random module."," *"," * @param {Function} Random number generator"," */","random.setGenerator = function(fn){","  if(typeof fn !== \"function\"){","    throw new Error(\"Must pass a function\");","  }","  rGen = fn;","};","/**"," * Return a random sample of values over a set of bounds with"," * a specified quantity."," *"," * @param {Number} lower bound."," * @param {Number} upper bound."," * @param {Number} quantity of elements in random sample."," * @return {Array} random sample."," */","random.sample = function (lower, upper, n) {","  var sample = [];","  sample.length = n;","","  for (var i=0; i<n; i++) {","    sample[i] = lower + (upper - lower) * rGen();","  }","  return sample;","};","","/**"," * A pseudo-random number sampling method for generating pairs of independent,"," * standard, normally distributed (zero expectation, unit variance) random"," * numbers, given a source of uniformly distributed random numbers."," * http://en.wikipedia.org/wiki/Box%E2%80%93Muller_transform"," *"," * @param {Number} mu or mean"," * @param {Number} sigma or standard deviation"," * @return {Number} a value that is part of a normal distribution."," */","random.boxMullerTransform = function(mu, sigma) {","  if (arguments.length <= 1) sigma = 1;","  if (arguments.length === 0) mu = 0;","  var u = 0,","      v = 0,","      s;","","  do {","    u = rGen() * 2 - 1;","    v = rGen() * 2 - 1;","    s = u * u + v * v;","  } while (s === 0 || s > 1);","","  var c = Math.sqrt(-2 * Math.log(s)/s),","      x = u * c,","      y = v * c;","  x = mu + x * sigma;","  y = mu + y * sigma;","  return [x, y];","};","","/**"," * A Random number that is along an irwin hall distribution."," * http://en.wikipedia.org/wiki/Irwin-Hall_distribution"," *"," * @param {Number} max possible sum"," * @param {Number} number to subtract"," * @return {Number} random number along an irwin hall distribution."," */","random.irwinHall = function(n, sub) {","  if (arguments.length === 1) sub = 0;","  var sum = 0;","  for (var i = 0; i < n; i++) sum += rGen();","  return sum - sub;","};","","/**"," * Returns a random value along a bates distribution from [a, b] or [0, 1]."," * http://en.wikipedia.org/wiki/Bates_distribution"," *"," * @param {Number} number of times summing"," * @param {Number} random maximum value (default is 1)"," * @param {Number} random minimum value (default is 0)"," * @return {Number} random number along an bates distribution."," */","random.bates = function(n, b, a) {","  if (arguments.length <= 2) a = 0;","  if (arguments.length === 1) b = 1;","  var sum = 0;","  for (var i = 0; i < n; i++) sum += (b - a)*rGen() + a;","  return sum/n;","};","","random.distribution = {};","","/**"," * Returns an array of size n that is an approximate normal distribution"," *"," * @param {Number} n size of returned array"," * @param {Number} mu or mean"," * @param {Number} sigma or standard deviation"," * @return {Array} array of size n of a normal distribution"," */","random.distribution.normal = function(n, mu, sigma) {","  if (arguments.length <= 2) sigma = 1;","  if (arguments.length === 1) mu = 0;","","  return random.distribution.boxMuller(n, mu, sigma);","};","","/**"," * Returns an array of size n that is an approximate log normal distribution"," *"," * @param {Number} n size of returned array"," * @param {Number} mu or mean"," * @param {Number} sigma or standard deviation"," * @return {Array} array of size n of a log normal distribution"," */","random.distribution.logNormal = function(n, mu, sigma) {","  if (arguments.length <= 2) sigma = 1;","  if (arguments.length === 1) mu = 0;","","  var exponential = function(x) {","    return Math.exp(x);","  };","","  return random.distribution.boxMuller(n, mu, sigma).map(exponential);","};","","/**"," * Returns an array of size n that is a normal distribution"," * leveraging the Box Muller Transform"," * http://en.wikipedia.org/wiki/Box%E2%80%93Muller_transform"," *"," * @param {Number} n size of returned array"," * @param {Number} mu or mean"," * @param {Number} sigma or standard deviation"," * @param {Number} determine if the distribution will be polar coordinates."," * @return {Array} array of size n of a normal distribution"," */","random.distribution.boxMuller = function(n, mu, sigma, rc) {","  if (arguments.length <= 3) rc = false;","  if (arguments.length <= 2) sigma = 1;","  if (arguments.length === 1) mu = 0;","  var results = [];","","  for (var i = 0; i < n; i++) {","    var randomBMT = random.boxMullerTransform(mu, sigma);","    results.push((rc) ? randomBMT : randomBMT[0]);","  }","","  return results;","};","","/**"," * Returns an array of n that is an irwin hall distribution."," * http://en.wikipedia.org/wiki/Irwin-Hall_distribution"," *"," * @param {Number} length of array"," * @param {Number} irwinHall max sum value (default is n)"," * @param {Number} irwinHall subtraction value (default is 0)"," * @return {Array} irwin hall distribution from [a, b]"," */","random.distribution.irwinHall = function(n, m, sub) {","  if (arguments.length <= 2) sub = 0;","  if (arguments.length === 1) m = n;","  var results = new Array(n);","  for (var i = 0; i < n; i++) {","    results[i] = random.irwinHall(m, sub);","  }","","  return results;","};","","/**"," * An approach to create a normal distribution,"," * that relies on the central limit theorem,"," * resulting in an approximately standard normal distribution"," * with bounds of (-6, 6)"," *"," * @param {Number} length of array"," * @return {Array} an array of an approximate normal distribution from [-6, 6] of length n."," */","random.distribution.irwinHallNormal = function(n) {","  return random.distribution.irwinHall(n, 12, 6);","};","","/**"," * Returns an array of n that is a bates distribution from"," * http://en.wikipedia.org/wiki/Bates_distribution"," *"," * @param {Number} length of array"," * @param {Number} max bates value (default is n)"," * @param {Number} minimum bound a (default is 0)"," * @return {Array} bates distribution from [a, b]"," */","random.distribution.bates = function(n, b, a) {","  if (arguments.length <= 2) a = 0;","  if (arguments.length === 1) b = n;","","  var results = new Array(n);","","  for (var i = 0; i < n; i++) {","    results[i] = random.bates(n, b, a);","  }","","  return results;","};",""],"l":{"1":1,"2":1,"5":1,"12":1,"13":0,"14":0,"16":0,"27":1,"28":0,"29":0,"31":0,"32":0,"34":0,"47":1,"48":0,"49":0,"50":0,"54":0,"55":0,"56":0,"57":0,"60":0,"63":0,"64":0,"65":0,"76":1,"77":0,"78":0,"79":0,"80":0,"92":1,"93":0,"94":0,"95":0,"96":0,"97":0,"100":1,"110":1,"111":0,"112":0,"114":0,"125":1,"126":0,"127":0,"129":0,"130":0,"133":0,"147":1,"148":0,"149":0,"150":0,"151":0,"153":0,"154":0,"155":0,"158":0,"170":1,"171":0,"172":0,"173":0,"174":0,"175":0,"178":0,"190":1,"191":0,"203":1,"204":0,"205":0,"207":0,"209":0,"210":0,"213":0}},"/home/travis/build/npmtest/node-npmtest-numbers/node_modules/numbers/gulpfile.js":{"path":"/home/travis/build/npmtest/node-npmtest-numbers/node_modules/numbers/gulpfile.js","s":{"1":2,"2":0,"3":0,"4":0,"5":0,"6":0,"7":0,"8":0,"9":0,"10":0,"11":0,"12":0,"13":0,"14":0,"15":0,"16":0,"17":0,"18":0,"19":0,"20":0,"21":0,"22":0,"23":0,"24":0,"25":0,"26":0,"27":0,"28":0,"29":0},"b":{},"f":{"1":0,"2":0,"3":0,"4":0,"5":0,"6":0,"7":0},"fnMap":{"1":{"name":"(anonymous_1)","line":17,"loc":{"start":{"line":17,"column":23},"end":{"line":17,"column":35}}},"2":{"name":"(anonymous_2)","line":23,"loc":{"start":{"line":23,"column":37},"end":{"line":23,"column":47}}},"3":{"name":"(anonymous_3)","line":32,"loc":{"start":{"line":32,"column":24},"end":{"line":32,"column":34}}},"4":{"name":"(anonymous_4)","line":38,"loc":{"start":{"line":38,"column":25},"end":{"line":38,"column":35}}},"5":{"name":"(anonymous_5)","line":46,"loc":{"start":{"line":46,"column":18},"end":{"line":46,"column":28}}},"6":{"name":"(anonymous_6)","line":52,"loc":{"start":{"line":52,"column":36},"end":{"line":52,"column":46}}},"7":{"name":"(anonymous_7)","line":59,"loc":{"start":{"line":59,"column":18},"end":{"line":59,"column":28}}}},"statementMap":{"1":{"start":{"line":1,"column":0},"end":{"line":1,"column":39}},"2":{"start":{"line":2,"column":0},"end":{"line":2,"column":37}},"3":{"start":{"line":3,"column":0},"end":{"line":3,"column":25}},"4":{"start":{"line":4,"column":0},"end":{"line":4,"column":27}},"5":{"start":{"line":5,"column":0},"end":{"line":5,"column":36}},"6":{"start":{"line":6,"column":0},"end":{"line":6,"column":46}},"7":{"start":{"line":7,"column":0},"end":{"line":7,"column":34}},"8":{"start":{"line":8,"column":0},"end":{"line":8,"column":44}},"9":{"start":{"line":9,"column":0},"end":{"line":9,"column":36}},"10":{"start":{"line":10,"column":0},"end":{"line":10,"column":44}},"11":{"start":{"line":11,"column":0},"end":{"line":11,"column":36}},"12":{"start":{"line":13,"column":0},"end":{"line":13,"column":19}},"13":{"start":{"line":15,"column":0},"end":{"line":15,"column":35}},"14":{"start":{"line":17,"column":0},"end":{"line":21,"column":3}},"15":{"start":{"line":18,"column":2},"end":{"line":20,"column":10}},"16":{"start":{"line":23,"column":0},"end":{"line":28,"column":3}},"17":{"start":{"line":24,"column":2},"end":{"line":27,"column":29}},"18":{"start":{"line":30,"column":0},"end":{"line":30,"column":34}},"19":{"start":{"line":32,"column":0},"end":{"line":36,"column":3}},"20":{"start":{"line":33,"column":2},"end":{"line":35,"column":30}},"21":{"start":{"line":38,"column":0},"end":{"line":42,"column":3}},"22":{"start":{"line":39,"column":2},"end":{"line":41,"column":27}},"23":{"start":{"line":44,"column":0},"end":{"line":44,"column":53}},"24":{"start":{"line":46,"column":0},"end":{"line":50,"column":3}},"25":{"start":{"line":47,"column":2},"end":{"line":49,"column":42}},"26":{"start":{"line":52,"column":0},"end":{"line":57,"column":3}},"27":{"start":{"line":53,"column":2},"end":{"line":56,"column":29}},"28":{"start":{"line":59,"column":0},"end":{"line":64,"column":3}},"29":{"start":{"line":60,"column":2},"end":{"line":63,"column":9}}},"branchMap":{},"code":["var browserify = require(\"browserify\");","var buffer = require(\"vinyl-buffer\");","var del = require(\"del\");","var gulp = require(\"gulp\");","var jshint = require(\"gulp-jshint\");","var jshintStylish = require(\"jshint-stylish\");","var mocha = require(\"gulp-mocha\");","var prettify = require(\"gulp-jsbeautifier\");","var rename = require(\"gulp-rename\");","var source = require(\"vinyl-source-stream\");","var uglify = require(\"gulp-uglify\");","","var DEST = \"./src\";","","gulp.task(\"build\", [ \"minimize\" ]);","","gulp.task(\"clean:src\", function(cb){","  del([","    DEST","  ], cb );","});","","gulp.task(\"concat\", [ \"clean:src\" ], function(){","  return browserify(\"./index.js\", { standalone : \"numbers\" })","    .bundle()","    .pipe(source(\"numbers.js\"))","    .pipe(gulp.dest( DEST ));","});","","gulp.task(\"default\", [ \"build\" ]);","","gulp.task(\"format:lib\", function(){","  return gulp.src( [\"./lib/**/*.js\"], { base : \"./lib\"} )","    .pipe(prettify())","    .pipe(gulp.dest(\"./lib\"));","});","","gulp.task(\"format:test\", function(){","  return gulp.src( [\"./test/*.js\"], { base : \"./\"} )","    .pipe(prettify())","    .pipe(gulp.dest(\"./\"));","});","","gulp.task(\"format\", [ \"format:lib\", \"format:test\" ]);","","gulp.task(\"lint\", function(){","  return gulp.src( [\"./lib/**/*.js\", \"./test/*.js\"] )","    .pipe(jshint())","    .pipe(jshint.reporter(jshintStylish));","});","","gulp.task(\"minimize\", [ \"concat\" ], function(){","  return gulp.src( DEST + \"/numbers.js\")","    .pipe(uglify())","    .pipe(rename({ extname : \".min.js\" }))","    .pipe(gulp.dest( DEST ));","});","","gulp.task(\"test\", function(){","  return gulp.src([\"./test/*.js\", \"!./test/testing.js\"])","    .pipe(mocha({ ","       ui : \"tdd\"","     }));","});","",""],"l":{"1":2,"2":0,"3":0,"4":0,"5":0,"6":0,"7":0,"8":0,"9":0,"10":0,"11":0,"13":0,"15":0,"17":0,"18":0,"23":0,"24":0,"30":0,"32":0,"33":0,"38":0,"39":0,"44":0,"46":0,"47":0,"52":0,"53":0,"59":0,"60":0}}}